[0.011s] Invoking command in '/home/thanh/bumperbot_ws/build/bumperbot_cpp_example': CMAKE_PREFIX_PATH=/opt/ros/humble /usr/bin/cmake --build /home/thanh/bumperbot_ws/build/bumperbot_cpp_example -- -j16 -l16
[0.048s] [ 50%] Built target simple_publisher
[0.048s] [ 50%] Built target simple_subscriber
[0.049s] [ 75%] Built target simple_parameter
[0.049s] [100%] Built target simple_turtlesim_kinematics
[0.192s] Invoked command in '/home/thanh/bumperbot_ws/build/bumperbot_cpp_example' returned '0': CMAKE_PREFIX_PATH=/opt/ros/humble /usr/bin/cmake --build /home/thanh/bumperbot_ws/build/bumperbot_cpp_example -- -j16 -l16
[0.192s] Invoking command in '/home/thanh/bumperbot_ws/build/bumperbot_cpp_example': CMAKE_PREFIX_PATH=/opt/ros/humble /usr/bin/cmake --install /home/thanh/bumperbot_ws/build/bumperbot_cpp_example
[0.199s] -- Install configuration: ""
[0.199s] -- Up-to-date: /home/thanh/bumperbot_ws/install/bumperbot_cpp_example/include/include
[0.199s] -- Up-to-date: /home/thanh/bumperbot_ws/install/bumperbot_cpp_example/include/include/bumperbot_cpp_example
[0.199s] -- Up-to-date: /home/thanh/bumperbot_ws/install/bumperbot_cpp_example/include/include/bumperbot_cpp_example/simple_turtlesim_kinematics.hpp
[0.200s] -- Up-to-date: /home/thanh/bumperbot_ws/install/bumperbot_cpp_example/lib/bumperbot_cpp_example/simple_publisher
[0.200s] -- Up-to-date: /home/thanh/bumperbot_ws/install/bumperbot_cpp_example/lib/bumperbot_cpp_example/simple_subscriber
[0.200s] -- Up-to-date: /home/thanh/bumperbot_ws/install/bumperbot_cpp_example/lib/bumperbot_cpp_example/simple_parameter
[0.200s] -- Up-to-date: /home/thanh/bumperbot_ws/install/bumperbot_cpp_example/lib/bumperbot_cpp_example/simple_turtlesim_kinematics
[0.200s] -- Up-to-date: /home/thanh/bumperbot_ws/install/bumperbot_cpp_example/share/ament_index/resource_index/package_run_dependencies/bumperbot_cpp_example
[0.200s] -- Up-to-date: /home/thanh/bumperbot_ws/install/bumperbot_cpp_example/share/ament_index/resource_index/parent_prefix_path/bumperbot_cpp_example
[0.200s] -- Up-to-date: /home/thanh/bumperbot_ws/install/bumperbot_cpp_example/share/bumperbot_cpp_example/environment/ament_prefix_path.sh
[0.201s] -- Up-to-date: /home/thanh/bumperbot_ws/install/bumperbot_cpp_example/share/bumperbot_cpp_example/environment/ament_prefix_path.dsv
[0.201s] -- Up-to-date: /home/thanh/bumperbot_ws/install/bumperbot_cpp_example/share/bumperbot_cpp_example/environment/path.sh
[0.201s] -- Up-to-date: /home/thanh/bumperbot_ws/install/bumperbot_cpp_example/share/bumperbot_cpp_example/environment/path.dsv
[0.201s] -- Up-to-date: /home/thanh/bumperbot_ws/install/bumperbot_cpp_example/share/bumperbot_cpp_example/local_setup.bash
[0.201s] -- Up-to-date: /home/thanh/bumperbot_ws/install/bumperbot_cpp_example/share/bumperbot_cpp_example/local_setup.sh
[0.201s] -- Up-to-date: /home/thanh/bumperbot_ws/install/bumperbot_cpp_example/share/bumperbot_cpp_example/local_setup.zsh
[0.201s] -- Up-to-date: /home/thanh/bumperbot_ws/install/bumperbot_cpp_example/share/bumperbot_cpp_example/local_setup.dsv
[0.201s] -- Installing: /home/thanh/bumperbot_ws/install/bumperbot_cpp_example/share/bumperbot_cpp_example/package.dsv
[0.201s] -- Up-to-date: /home/thanh/bumperbot_ws/install/bumperbot_cpp_example/share/ament_index/resource_index/packages/bumperbot_cpp_example
[0.201s] -- Up-to-date: /home/thanh/bumperbot_ws/install/bumperbot_cpp_example/share/bumperbot_cpp_example/cmake/bumperbot_cpp_exampleConfig.cmake
[0.201s] -- Up-to-date: /home/thanh/bumperbot_ws/install/bumperbot_cpp_example/share/bumperbot_cpp_example/cmake/bumperbot_cpp_exampleConfig-version.cmake
[0.201s] -- Up-to-date: /home/thanh/bumperbot_ws/install/bumperbot_cpp_example/share/bumperbot_cpp_example/package.xml
[0.212s] Invoked command in '/home/thanh/bumperbot_ws/build/bumperbot_cpp_example' returned '0': CMAKE_PREFIX_PATH=/opt/ros/humble /usr/bin/cmake --install /home/thanh/bumperbot_ws/build/bumperbot_cpp_example
