[0.071s] [34mcolcon[0m [1;30mDEBUG[0m [32mCommand line arguments: ['/usr/bin/colcon', 'build'][0m
[0.071s] [34mcolcon[0m [1;30mDEBUG[0m [32mParsed command line arguments: Namespace(log_base=None, log_level=None, verb_name='build', build_base='build', install_base='install', merge_install=False, symlink_install=False, test_result_base=None, continue_on_error=False, executor='parallel', parallel_workers=16, event_handlers=None, ignore_user_meta=False, metas=['./colcon.meta'], base_paths=['.'], packages_ignore=None, packages_ignore_regex=None, paths=None, packages_up_to=None, packages_up_to_regex=None, packages_above=None, packages_above_and_dependencies=None, packages_above_depth=None, packages_select_by_dep=None, packages_skip_by_dep=None, packages_skip_up_to=None, packages_select_build_failed=False, packages_skip_build_finished=False, packages_select_test_failures=False, packages_skip_test_passed=False, packages_select=None, packages_skip=None, packages_select_regex=None, packages_skip_regex=None, packages_start=None, packages_end=None, allow_overriding=[], cmake_args=None, cmake_target=None, cmake_target_skip_unavailable=False, cmake_clean_cache=False, cmake_clean_first=False, cmake_force_configure=False, ament_cmake_args=None, catkin_cmake_args=None, catkin_skip_building_tests=False, mixin_files=None, mixin=None, verb_parser=<colcon_mixin.mixin.mixin_argument.MixinArgumentDecorator object at 0x7ad0208297b0>, verb_extension=<colcon_core.verb.build.BuildVerb object at 0x7ad020829180>, main=<bound method BuildVerb.main of <colcon_core.verb.build.BuildVerb object at 0x7ad020829180>>, mixin_verb=('build',))[0m
[0.177s] [34mcolcon.colcon_core.package_discovery[0m [1;30mLevel 1[0m discover_packages(colcon_meta) check parameters
[0.177s] [34mcolcon.colcon_core.package_discovery[0m [1;30mLevel 1[0m discover_packages(recursive) check parameters
[0.177s] [34mcolcon.colcon_core.package_discovery[0m [1;30mLevel 1[0m discover_packages(ignore) check parameters
[0.177s] [34mcolcon.colcon_core.package_discovery[0m [1;30mLevel 1[0m discover_packages(path) check parameters
[0.177s] [34mcolcon.colcon_core.package_discovery[0m [1;30mLevel 1[0m discover_packages(colcon_meta) discover
[0.177s] [34mcolcon.colcon_core.package_discovery[0m [1;30mLevel 1[0m discover_packages(recursive) discover
[0.177s] [34mcolcon.colcon_core.package_discovery[0m [1;30mINFO[0m Crawling recursively for packages in '/home/thanh/bumperbot_ws/src'
[0.177s] [34mcolcon.colcon_core.package_identification[0m [1;30mLevel 1[0m _identify(.) by extensions ['ignore', 'ignore_ament_install']
[0.177s] [34mcolcon.colcon_core.package_identification[0m [1;30mLevel 1[0m _identify(.) by extension 'ignore'
[0.177s] [34mcolcon.colcon_core.package_identification[0m [1;30mLevel 1[0m _identify(.) by extension 'ignore_ament_install'
[0.178s] [34mcolcon.colcon_core.package_identification[0m [1;30mLevel 1[0m _identify(.) by extensions ['colcon_pkg']
[0.178s] [34mcolcon.colcon_core.package_identification[0m [1;30mLevel 1[0m _identify(.) by extension 'colcon_pkg'
[0.178s] [34mcolcon.colcon_core.package_identification[0m [1;30mLevel 1[0m _identify(.) by extensions ['colcon_meta']
[0.178s] [34mcolcon.colcon_core.package_identification[0m [1;30mLevel 1[0m _identify(.) by extension 'colcon_meta'
[0.178s] [34mcolcon.colcon_core.package_identification[0m [1;30mLevel 1[0m _identify(.) by extensions ['ros']
[0.178s] [34mcolcon.colcon_core.package_identification[0m [1;30mLevel 1[0m _identify(.) by extension 'ros'
[0.190s] [34mcolcon.colcon_core.package_identification[0m [1;30mLevel 1[0m _identify(.) by extensions ['cmake', 'python']
[0.190s] [34mcolcon.colcon_core.package_identification[0m [1;30mLevel 1[0m _identify(.) by extension 'cmake'
[0.190s] [34mcolcon.colcon_core.package_identification[0m [1;30mLevel 1[0m _identify(.) by extension 'python'
[0.190s] [34mcolcon.colcon_core.package_identification[0m [1;30mLevel 1[0m _identify(.) by extensions ['python_setup_py']
[0.190s] [34mcolcon.colcon_core.package_identification[0m [1;30mLevel 1[0m _identify(.) by extension 'python_setup_py'
[0.190s] [34mcolcon.colcon_core.package_identification[0m [1;30mLevel 1[0m _identify(build) by extensions ['ignore', 'ignore_ament_install']
[0.190s] [34mcolcon.colcon_core.package_identification[0m [1;30mLevel 1[0m _identify(build) by extension 'ignore'
[0.190s] [34mcolcon.colcon_core.package_identification[0m [1;30mLevel 1[0m _identify(build) ignored
[0.190s] [34mcolcon.colcon_core.package_identification[0m [1;30mLevel 1[0m _identify(bumperbot_controller) by extensions ['ignore', 'ignore_ament_install']
[0.190s] [34mcolcon.colcon_core.package_identification[0m [1;30mLevel 1[0m _identify(bumperbot_controller) by extension 'ignore'
[0.190s] [34mcolcon.colcon_core.package_identification[0m [1;30mLevel 1[0m _identify(bumperbot_controller) by extension 'ignore_ament_install'
[0.190s] [34mcolcon.colcon_core.package_identification[0m [1;30mLevel 1[0m _identify(bumperbot_controller) by extensions ['colcon_pkg']
[0.190s] [34mcolcon.colcon_core.package_identification[0m [1;30mLevel 1[0m _identify(bumperbot_controller) by extension 'colcon_pkg'
[0.190s] [34mcolcon.colcon_core.package_identification[0m [1;30mLevel 1[0m _identify(bumperbot_controller) by extensions ['colcon_meta']
[0.190s] [34mcolcon.colcon_core.package_identification[0m [1;30mLevel 1[0m _identify(bumperbot_controller) by extension 'colcon_meta'
[0.190s] [34mcolcon.colcon_core.package_identification[0m [1;30mLevel 1[0m _identify(bumperbot_controller) by extensions ['ros']
[0.190s] [34mcolcon.colcon_core.package_identification[0m [1;30mLevel 1[0m _identify(bumperbot_controller) by extension 'ros'
[0.192s] [34mcolcon.colcon_core.package_identification[0m [1;30mDEBUG[0m [32mPackage 'bumperbot_controller' with type 'ros.ament_cmake' and name 'bumperbot_controller'[0m
[0.192s] [34mcolcon.colcon_core.package_identification[0m [1;30mLevel 1[0m _identify(bumperbot_cpp_example) by extensions ['ignore', 'ignore_ament_install']
[0.192s] [34mcolcon.colcon_core.package_identification[0m [1;30mLevel 1[0m _identify(bumperbot_cpp_example) by extension 'ignore'
[0.192s] [34mcolcon.colcon_core.package_identification[0m [1;30mLevel 1[0m _identify(bumperbot_cpp_example) by extension 'ignore_ament_install'
[0.192s] [34mcolcon.colcon_core.package_identification[0m [1;30mLevel 1[0m _identify(bumperbot_cpp_example) by extensions ['colcon_pkg']
[0.192s] [34mcolcon.colcon_core.package_identification[0m [1;30mLevel 1[0m _identify(bumperbot_cpp_example) by extension 'colcon_pkg'
[0.192s] [34mcolcon.colcon_core.package_identification[0m [1;30mLevel 1[0m _identify(bumperbot_cpp_example) by extensions ['colcon_meta']
[0.192s] [34mcolcon.colcon_core.package_identification[0m [1;30mLevel 1[0m _identify(bumperbot_cpp_example) by extension 'colcon_meta'
[0.192s] [34mcolcon.colcon_core.package_identification[0m [1;30mLevel 1[0m _identify(bumperbot_cpp_example) by extensions ['ros']
[0.192s] [34mcolcon.colcon_core.package_identification[0m [1;30mLevel 1[0m _identify(bumperbot_cpp_example) by extension 'ros'
[0.193s] [34mcolcon.colcon_core.package_identification[0m [1;30mDEBUG[0m [32mPackage 'bumperbot_cpp_example' with type 'ros.ament_cmake' and name 'bumperbot_cpp_example'[0m
[0.193s] [34mcolcon.colcon_core.package_identification[0m [1;30mLevel 1[0m _identify(bumperbot_description) by extensions ['ignore', 'ignore_ament_install']
[0.193s] [34mcolcon.colcon_core.package_identification[0m [1;30mLevel 1[0m _identify(bumperbot_description) by extension 'ignore'
[0.193s] [34mcolcon.colcon_core.package_identification[0m [1;30mLevel 1[0m _identify(bumperbot_description) by extension 'ignore_ament_install'
[0.193s] [34mcolcon.colcon_core.package_identification[0m [1;30mLevel 1[0m _identify(bumperbot_description) by extensions ['colcon_pkg']
[0.193s] [34mcolcon.colcon_core.package_identification[0m [1;30mLevel 1[0m _identify(bumperbot_description) by extension 'colcon_pkg'
[0.193s] [34mcolcon.colcon_core.package_identification[0m [1;30mLevel 1[0m _identify(bumperbot_description) by extensions ['colcon_meta']
[0.193s] [34mcolcon.colcon_core.package_identification[0m [1;30mLevel 1[0m _identify(bumperbot_description) by extension 'colcon_meta'
[0.193s] [34mcolcon.colcon_core.package_identification[0m [1;30mLevel 1[0m _identify(bumperbot_description) by extensions ['ros']
[0.193s] [34mcolcon.colcon_core.package_identification[0m [1;30mLevel 1[0m _identify(bumperbot_description) by extension 'ros'
[0.194s] [34mcolcon.colcon_core.package_identification[0m [1;30mDEBUG[0m [32mPackage 'bumperbot_description' with type 'ros.ament_cmake' and name 'bumperbot_description'[0m
[0.194s] [34mcolcon.colcon_core.package_identification[0m [1;30mLevel 1[0m _identify(bumperbot_py_example) by extensions ['ignore', 'ignore_ament_install']
[0.194s] [34mcolcon.colcon_core.package_identification[0m [1;30mLevel 1[0m _identify(bumperbot_py_example) by extension 'ignore'
[0.195s] [34mcolcon.colcon_core.package_identification[0m [1;30mLevel 1[0m _identify(bumperbot_py_example) by extension 'ignore_ament_install'
[0.195s] [34mcolcon.colcon_core.package_identification[0m [1;30mLevel 1[0m _identify(bumperbot_py_example) by extensions ['colcon_pkg']
[0.195s] [34mcolcon.colcon_core.package_identification[0m [1;30mLevel 1[0m _identify(bumperbot_py_example) by extension 'colcon_pkg'
[0.195s] [34mcolcon.colcon_core.package_identification[0m [1;30mLevel 1[0m _identify(bumperbot_py_example) by extensions ['colcon_meta']
[0.195s] [34mcolcon.colcon_core.package_identification[0m [1;30mLevel 1[0m _identify(bumperbot_py_example) by extension 'colcon_meta'
[0.195s] [34mcolcon.colcon_core.package_identification[0m [1;30mLevel 1[0m _identify(bumperbot_py_example) by extensions ['ros']
[0.195s] [34mcolcon.colcon_core.package_identification[0m [1;30mLevel 1[0m _identify(bumperbot_py_example) by extension 'ros'
[0.195s] [34mcolcon.colcon_core.package_identification[0m [1;30mDEBUG[0m [32mPackage 'bumperbot_py_example' with type 'ros.ament_python' and name 'bumperbot_py_example'[0m
[0.195s] [34mcolcon.colcon_core.package_identification[0m [1;30mLevel 1[0m _identify(install) by extensions ['ignore', 'ignore_ament_install']
[0.195s] [34mcolcon.colcon_core.package_identification[0m [1;30mLevel 1[0m _identify(install) by extension 'ignore'
[0.195s] [34mcolcon.colcon_core.package_identification[0m [1;30mLevel 1[0m _identify(install) ignored
[0.195s] [34mcolcon.colcon_core.package_identification[0m [1;30mLevel 1[0m _identify(log) by extensions ['ignore', 'ignore_ament_install']
[0.195s] [34mcolcon.colcon_core.package_identification[0m [1;30mLevel 1[0m _identify(log) by extension 'ignore'
[0.195s] [34mcolcon.colcon_core.package_identification[0m [1;30mLevel 1[0m _identify(log) ignored
[0.195s] [34mcolcon.colcon_core.package_discovery[0m [1;30mLevel 1[0m discover_packages(recursive) using defaults
[0.195s] [34mcolcon.colcon_core.package_discovery[0m [1;30mLevel 1[0m discover_packages(ignore) discover
[0.195s] [34mcolcon.colcon_core.package_discovery[0m [1;30mLevel 1[0m discover_packages(ignore) using defaults
[0.195s] [34mcolcon.colcon_core.package_discovery[0m [1;30mLevel 1[0m discover_packages(path) discover
[0.195s] [34mcolcon.colcon_core.package_discovery[0m [1;30mLevel 1[0m discover_packages(path) using defaults
[0.205s] [34mcolcon.colcon_core.package_discovery[0m [1;30mLevel 1[0m discover_packages(prefix_path) check parameters
[0.205s] [34mcolcon.colcon_core.package_discovery[0m [1;30mLevel 1[0m discover_packages(prefix_path) discover
[0.207s] [34mcolcon.colcon_installed_package_information.package_discovery[0m [1;30mDEBUG[0m [32mFound 369 installed packages in /opt/ros/humble[0m
[0.208s] [34mcolcon.colcon_core.package_discovery[0m [1;30mLevel 1[0m discover_packages(prefix_path) using defaults
[0.233s] [34mcolcon.colcon_core.verb[0m [1;30mLevel 5[0m set package 'bumperbot_controller' build argument 'cmake_args' from command line to 'None'
[0.233s] [34mcolcon.colcon_core.verb[0m [1;30mLevel 5[0m set package 'bumperbot_controller' build argument 'cmake_target' from command line to 'None'
[0.233s] [34mcolcon.colcon_core.verb[0m [1;30mLevel 5[0m set package 'bumperbot_controller' build argument 'cmake_target_skip_unavailable' from command line to 'False'
[0.233s] [34mcolcon.colcon_core.verb[0m [1;30mLevel 5[0m set package 'bumperbot_controller' build argument 'cmake_clean_cache' from command line to 'False'
[0.233s] [34mcolcon.colcon_core.verb[0m [1;30mLevel 5[0m set package 'bumperbot_controller' build argument 'cmake_clean_first' from command line to 'False'
[0.233s] [34mcolcon.colcon_core.verb[0m [1;30mLevel 5[0m set package 'bumperbot_controller' build argument 'cmake_force_configure' from command line to 'False'
[0.233s] [34mcolcon.colcon_core.verb[0m [1;30mLevel 5[0m set package 'bumperbot_controller' build argument 'ament_cmake_args' from command line to 'None'
[0.233s] [34mcolcon.colcon_core.verb[0m [1;30mLevel 5[0m set package 'bumperbot_controller' build argument 'catkin_cmake_args' from command line to 'None'
[0.233s] [34mcolcon.colcon_core.verb[0m [1;30mLevel 5[0m set package 'bumperbot_controller' build argument 'catkin_skip_building_tests' from command line to 'False'
[0.233s] [34mcolcon.colcon_core.verb[0m [1;30mDEBUG[0m [32mBuilding package 'bumperbot_controller' with the following arguments: {'ament_cmake_args': None, 'build_base': '/home/thanh/bumperbot_ws/src/build/bumperbot_controller', 'catkin_cmake_args': None, 'catkin_skip_building_tests': False, 'cmake_args': None, 'cmake_clean_cache': False, 'cmake_clean_first': False, 'cmake_force_configure': False, 'cmake_target': None, 'cmake_target_skip_unavailable': False, 'install_base': '/home/thanh/bumperbot_ws/src/install/bumperbot_controller', 'merge_install': False, 'path': '/home/thanh/bumperbot_ws/src/bumperbot_controller', 'symlink_install': False, 'test_result_base': None}[0m
[0.233s] [34mcolcon.colcon_core.verb[0m [1;30mLevel 5[0m set package 'bumperbot_cpp_example' build argument 'cmake_args' from command line to 'None'
[0.233s] [34mcolcon.colcon_core.verb[0m [1;30mLevel 5[0m set package 'bumperbot_cpp_example' build argument 'cmake_target' from command line to 'None'
[0.233s] [34mcolcon.colcon_core.verb[0m [1;30mLevel 5[0m set package 'bumperbot_cpp_example' build argument 'cmake_target_skip_unavailable' from command line to 'False'
[0.233s] [34mcolcon.colcon_core.verb[0m [1;30mLevel 5[0m set package 'bumperbot_cpp_example' build argument 'cmake_clean_cache' from command line to 'False'
[0.233s] [34mcolcon.colcon_core.verb[0m [1;30mLevel 5[0m set package 'bumperbot_cpp_example' build argument 'cmake_clean_first' from command line to 'False'
[0.233s] [34mcolcon.colcon_core.verb[0m [1;30mLevel 5[0m set package 'bumperbot_cpp_example' build argument 'cmake_force_configure' from command line to 'False'
[0.233s] [34mcolcon.colcon_core.verb[0m [1;30mLevel 5[0m set package 'bumperbot_cpp_example' build argument 'ament_cmake_args' from command line to 'None'
[0.233s] [34mcolcon.colcon_core.verb[0m [1;30mLevel 5[0m set package 'bumperbot_cpp_example' build argument 'catkin_cmake_args' from command line to 'None'
[0.233s] [34mcolcon.colcon_core.verb[0m [1;30mLevel 5[0m set package 'bumperbot_cpp_example' build argument 'catkin_skip_building_tests' from command line to 'False'
[0.233s] [34mcolcon.colcon_core.verb[0m [1;30mDEBUG[0m [32mBuilding package 'bumperbot_cpp_example' with the following arguments: {'ament_cmake_args': None, 'build_base': '/home/thanh/bumperbot_ws/src/build/bumperbot_cpp_example', 'catkin_cmake_args': None, 'catkin_skip_building_tests': False, 'cmake_args': None, 'cmake_clean_cache': False, 'cmake_clean_first': False, 'cmake_force_configure': False, 'cmake_target': None, 'cmake_target_skip_unavailable': False, 'install_base': '/home/thanh/bumperbot_ws/src/install/bumperbot_cpp_example', 'merge_install': False, 'path': '/home/thanh/bumperbot_ws/src/bumperbot_cpp_example', 'symlink_install': False, 'test_result_base': None}[0m
[0.233s] [34mcolcon.colcon_core.verb[0m [1;30mLevel 5[0m set package 'bumperbot_description' build argument 'cmake_args' from command line to 'None'
[0.233s] [34mcolcon.colcon_core.verb[0m [1;30mLevel 5[0m set package 'bumperbot_description' build argument 'cmake_target' from command line to 'None'
[0.233s] [34mcolcon.colcon_core.verb[0m [1;30mLevel 5[0m set package 'bumperbot_description' build argument 'cmake_target_skip_unavailable' from command line to 'False'
[0.233s] [34mcolcon.colcon_core.verb[0m [1;30mLevel 5[0m set package 'bumperbot_description' build argument 'cmake_clean_cache' from command line to 'False'
[0.233s] [34mcolcon.colcon_core.verb[0m [1;30mLevel 5[0m set package 'bumperbot_description' build argument 'cmake_clean_first' from command line to 'False'
[0.233s] [34mcolcon.colcon_core.verb[0m [1;30mLevel 5[0m set package 'bumperbot_description' build argument 'cmake_force_configure' from command line to 'False'
[0.233s] [34mcolcon.colcon_core.verb[0m [1;30mLevel 5[0m set package 'bumperbot_description' build argument 'ament_cmake_args' from command line to 'None'
[0.233s] [34mcolcon.colcon_core.verb[0m [1;30mLevel 5[0m set package 'bumperbot_description' build argument 'catkin_cmake_args' from command line to 'None'
[0.233s] [34mcolcon.colcon_core.verb[0m [1;30mLevel 5[0m set package 'bumperbot_description' build argument 'catkin_skip_building_tests' from command line to 'False'
[0.233s] [34mcolcon.colcon_core.verb[0m [1;30mDEBUG[0m [32mBuilding package 'bumperbot_description' with the following arguments: {'ament_cmake_args': None, 'build_base': '/home/thanh/bumperbot_ws/src/build/bumperbot_description', 'catkin_cmake_args': None, 'catkin_skip_building_tests': False, 'cmake_args': None, 'cmake_clean_cache': False, 'cmake_clean_first': False, 'cmake_force_configure': False, 'cmake_target': None, 'cmake_target_skip_unavailable': False, 'install_base': '/home/thanh/bumperbot_ws/src/install/bumperbot_description', 'merge_install': False, 'path': '/home/thanh/bumperbot_ws/src/bumperbot_description', 'symlink_install': False, 'test_result_base': None}[0m
[0.234s] [34mcolcon.colcon_core.verb[0m [1;30mLevel 5[0m set package 'bumperbot_py_example' build argument 'cmake_args' from command line to 'None'
[0.234s] [34mcolcon.colcon_core.verb[0m [1;30mLevel 5[0m set package 'bumperbot_py_example' build argument 'cmake_target' from command line to 'None'
[0.234s] [34mcolcon.colcon_core.verb[0m [1;30mLevel 5[0m set package 'bumperbot_py_example' build argument 'cmake_target_skip_unavailable' from command line to 'False'
[0.234s] [34mcolcon.colcon_core.verb[0m [1;30mLevel 5[0m set package 'bumperbot_py_example' build argument 'cmake_clean_cache' from command line to 'False'
[0.234s] [34mcolcon.colcon_core.verb[0m [1;30mLevel 5[0m set package 'bumperbot_py_example' build argument 'cmake_clean_first' from command line to 'False'
[0.234s] [34mcolcon.colcon_core.verb[0m [1;30mLevel 5[0m set package 'bumperbot_py_example' build argument 'cmake_force_configure' from command line to 'False'
[0.234s] [34mcolcon.colcon_core.verb[0m [1;30mLevel 5[0m set package 'bumperbot_py_example' build argument 'ament_cmake_args' from command line to 'None'
[0.234s] [34mcolcon.colcon_core.verb[0m [1;30mLevel 5[0m set package 'bumperbot_py_example' build argument 'catkin_cmake_args' from command line to 'None'
[0.234s] [34mcolcon.colcon_core.verb[0m [1;30mLevel 5[0m set package 'bumperbot_py_example' build argument 'catkin_skip_building_tests' from command line to 'False'
[0.234s] [34mcolcon.colcon_core.verb[0m [1;30mDEBUG[0m [32mBuilding package 'bumperbot_py_example' with the following arguments: {'ament_cmake_args': None, 'build_base': '/home/thanh/bumperbot_ws/src/build/bumperbot_py_example', 'catkin_cmake_args': None, 'catkin_skip_building_tests': False, 'cmake_args': None, 'cmake_clean_cache': False, 'cmake_clean_first': False, 'cmake_force_configure': False, 'cmake_target': None, 'cmake_target_skip_unavailable': False, 'install_base': '/home/thanh/bumperbot_ws/src/install/bumperbot_py_example', 'merge_install': False, 'path': '/home/thanh/bumperbot_ws/src/bumperbot_py_example', 'symlink_install': False, 'test_result_base': None}[0m
[0.234s] [34mcolcon.colcon_core.executor[0m [1;30mINFO[0m Executing jobs using 'parallel' executor
[0.235s] [34mcolcon.colcon_parallel_executor.executor.parallel[0m [1;30mDEBUG[0m [32mrun_until_complete[0m
[0.235s] [34mcolcon.colcon_ros.task.ament_cmake.build[0m [1;30mINFO[0m Building ROS package in '/home/thanh/bumperbot_ws/src/bumperbot_controller' with build type 'ament_cmake'
[0.235s] [34mcolcon.colcon_cmake.task.cmake.build[0m [1;30mINFO[0m Building CMake package in '/home/thanh/bumperbot_ws/src/bumperbot_controller'
[0.236s] [34mcolcon.colcon_core.plugin_system[0m [1;30mINFO[0m Skipping extension 'colcon_core.shell.bat': Not used on non-Windows systems
[0.236s] [34mcolcon.colcon_core.shell[0m [1;30mINFO[0m Skip shell extension 'powershell' for command environment: Not usable outside of PowerShell
[0.236s] [34mcolcon.colcon_core.shell[0m [1;30mDEBUG[0m [32mSkip shell extension 'dsv' for command environment[0m
[0.238s] [34mcolcon.colcon_ros.task.ament_cmake.build[0m [1;30mINFO[0m Building ROS package in '/home/thanh/bumperbot_ws/src/bumperbot_cpp_example' with build type 'ament_cmake'
[0.238s] [34mcolcon.colcon_cmake.task.cmake.build[0m [1;30mINFO[0m Building CMake package in '/home/thanh/bumperbot_ws/src/bumperbot_cpp_example'
[0.238s] [34mcolcon.colcon_core.shell[0m [1;30mINFO[0m Skip shell extension 'powershell' for command environment: Not usable outside of PowerShell
[0.238s] [34mcolcon.colcon_core.shell[0m [1;30mDEBUG[0m [32mSkip shell extension 'dsv' for command environment[0m
[0.240s] [34mcolcon.colcon_ros.task.ament_cmake.build[0m [1;30mINFO[0m Building ROS package in '/home/thanh/bumperbot_ws/src/bumperbot_description' with build type 'ament_cmake'
[0.240s] [34mcolcon.colcon_cmake.task.cmake.build[0m [1;30mINFO[0m Building CMake package in '/home/thanh/bumperbot_ws/src/bumperbot_description'
[0.240s] [34mcolcon.colcon_core.shell[0m [1;30mINFO[0m Skip shell extension 'powershell' for command environment: Not usable outside of PowerShell
[0.240s] [34mcolcon.colcon_core.shell[0m [1;30mDEBUG[0m [32mSkip shell extension 'dsv' for command environment[0m
[0.241s] [34mcolcon.colcon_ros.task.ament_python.build[0m [1;30mINFO[0m Building ROS package in '/home/thanh/bumperbot_ws/src/bumperbot_py_example' with build type 'ament_python'
[0.241s] [34mcolcon.colcon_core.shell[0m [1;30mLevel 1[0m create_environment_hook('bumperbot_py_example', 'ament_prefix_path')
[0.242s] [34mcolcon.colcon_core.shell[0m [1;30mINFO[0m Creating environment hook '/home/thanh/bumperbot_ws/src/install/bumperbot_py_example/share/bumperbot_py_example/hook/ament_prefix_path.ps1'
[0.242s] [34mcolcon.colcon_core.shell[0m [1;30mINFO[0m Creating environment descriptor '/home/thanh/bumperbot_ws/src/install/bumperbot_py_example/share/bumperbot_py_example/hook/ament_prefix_path.dsv'
[0.242s] [34mcolcon.colcon_core.shell[0m [1;30mINFO[0m Creating environment hook '/home/thanh/bumperbot_ws/src/install/bumperbot_py_example/share/bumperbot_py_example/hook/ament_prefix_path.sh'
[0.243s] [34mcolcon.colcon_core.shell[0m [1;30mINFO[0m Skip shell extension 'powershell' for command environment: Not usable outside of PowerShell
[0.243s] [34mcolcon.colcon_core.shell[0m [1;30mDEBUG[0m [32mSkip shell extension 'dsv' for command environment[0m
[0.246s] [34mcolcon.colcon_core.event_handler.log_command[0m [1;30mDEBUG[0m [32mInvoking command in '/home/thanh/bumperbot_ws/src/build/bumperbot_controller': CMAKE_PREFIX_PATH=/opt/ros/humble /usr/bin/cmake /home/thanh/bumperbot_ws/src/bumperbot_controller -DCMAKE_INSTALL_PREFIX=/home/thanh/bumperbot_ws/src/install/bumperbot_controller[0m
[0.248s] [34mcolcon.colcon_core.event_handler.log_command[0m [1;30mDEBUG[0m [32mInvoking command in '/home/thanh/bumperbot_ws/src/build/bumperbot_cpp_example': CMAKE_PREFIX_PATH=/opt/ros/humble /usr/bin/cmake /home/thanh/bumperbot_ws/src/bumperbot_cpp_example -DCMAKE_INSTALL_PREFIX=/home/thanh/bumperbot_ws/src/install/bumperbot_cpp_example[0m
[0.249s] [34mcolcon.colcon_core.event_handler.log_command[0m [1;30mDEBUG[0m [32mInvoking command in '/home/thanh/bumperbot_ws/src/build/bumperbot_description': CMAKE_PREFIX_PATH=/opt/ros/humble /usr/bin/cmake /home/thanh/bumperbot_ws/src/bumperbot_description -DCMAKE_INSTALL_PREFIX=/home/thanh/bumperbot_ws/src/install/bumperbot_description[0m
[0.430s] [34mcolcon.colcon_core.task.python.build[0m [1;30mINFO[0m Building Python package in '/home/thanh/bumperbot_ws/src/bumperbot_py_example'
[0.431s] [34mcolcon.colcon_core.shell[0m [1;30mINFO[0m Skip shell extension 'powershell' for command environment: Not usable outside of PowerShell
[0.431s] [34mcolcon.colcon_core.shell[0m [1;30mDEBUG[0m [32mSkip shell extension 'dsv' for command environment[0m
[0.667s] [34mcolcon.colcon_core.event_handler.log_command[0m [1;30mDEBUG[0m [32mInvoked command in '/home/thanh/bumperbot_ws/src/build/bumperbot_controller' returned '0': CMAKE_PREFIX_PATH=/opt/ros/humble /usr/bin/cmake /home/thanh/bumperbot_ws/src/bumperbot_controller -DCMAKE_INSTALL_PREFIX=/home/thanh/bumperbot_ws/src/install/bumperbot_controller[0m
[0.668s] [34mcolcon.colcon_core.event_handler.log_command[0m [1;30mDEBUG[0m [32mInvoking command in '/home/thanh/bumperbot_ws/src/build/bumperbot_controller': CMAKE_PREFIX_PATH=/opt/ros/humble /usr/bin/cmake --build /home/thanh/bumperbot_ws/src/build/bumperbot_controller -- -j16 -l16[0m
[0.670s] [34mcolcon.colcon_core.event_handler.log_command[0m [1;30mDEBUG[0m [32mInvoking command in '/home/thanh/bumperbot_ws/src/bumperbot_py_example': PYTHONPATH=/home/thanh/bumperbot_ws/src/build/bumperbot_py_example/prefix_override:/usr/lib/python3/dist-packages/colcon_core/task/python/colcon_distutils_commands:/home/thanh/bumperbot_ws/src/install/bumperbot_py_example/lib/python3.10/site-packages:${PYTHONPATH} /usr/bin/python3 -W ignore:setup.py install is deprecated -W ignore:easy_install command is deprecated setup.py egg_info --egg-base ../build/bumperbot_py_example build --build-base /home/thanh/bumperbot_ws/src/build/bumperbot_py_example/build install --record /home/thanh/bumperbot_ws/src/build/bumperbot_py_example/install.log --single-version-externally-managed install_data[0m
[0.693s] [34mcolcon.colcon_core.event_handler.log_command[0m [1;30mDEBUG[0m [32mInvoked command in '/home/thanh/bumperbot_ws/src/build/bumperbot_controller' returned '0': CMAKE_PREFIX_PATH=/opt/ros/humble /usr/bin/cmake --build /home/thanh/bumperbot_ws/src/build/bumperbot_controller -- -j16 -l16[0m
[0.702s] [34mcolcon.colcon_core.event_handler.log_command[0m [1;30mDEBUG[0m [32mInvoking command in '/home/thanh/bumperbot_ws/src/build/bumperbot_controller': CMAKE_PREFIX_PATH=/opt/ros/humble /usr/bin/cmake --install /home/thanh/bumperbot_ws/src/build/bumperbot_controller[0m
[0.711s] [34mcolcon.colcon_core.environment[0m [1;30mLevel 1[0m create_environment_scripts_only(bumperbot_controller)
[0.711s] [34mcolcon.colcon_core.event_handler.log_command[0m [1;30mDEBUG[0m [32mInvoked command in '/home/thanh/bumperbot_ws/src/build/bumperbot_controller' returned '0': CMAKE_PREFIX_PATH=/opt/ros/humble /usr/bin/cmake --install /home/thanh/bumperbot_ws/src/build/bumperbot_controller[0m
[0.712s] [34mcolcon.colcon_core.environment[0m [1;30mLevel 1[0m checking '/home/thanh/bumperbot_ws/src/install/bumperbot_controller' for CMake module files
[0.713s] [34mcolcon.colcon_core.environment[0m [1;30mLevel 1[0m checking '/home/thanh/bumperbot_ws/src/install/bumperbot_controller' for CMake config files
[0.713s] [34mcolcon.colcon_core.shell[0m [1;30mLevel 1[0m create_environment_hook('bumperbot_controller', 'cmake_prefix_path')
[0.713s] [34mcolcon.colcon_core.shell[0m [1;30mINFO[0m Creating environment hook '/home/thanh/bumperbot_ws/src/install/bumperbot_controller/share/bumperbot_controller/hook/cmake_prefix_path.ps1'
[0.713s] [34mcolcon.colcon_core.shell[0m [1;30mINFO[0m Creating environment descriptor '/home/thanh/bumperbot_ws/src/install/bumperbot_controller/share/bumperbot_controller/hook/cmake_prefix_path.dsv'
[0.713s] [34mcolcon.colcon_core.shell[0m [1;30mINFO[0m Creating environment hook '/home/thanh/bumperbot_ws/src/install/bumperbot_controller/share/bumperbot_controller/hook/cmake_prefix_path.sh'
[0.714s] [34mcolcon.colcon_core.environment[0m [1;30mLevel 1[0m checking '/home/thanh/bumperbot_ws/src/install/bumperbot_controller/bin'
[0.714s] [34mcolcon.colcon_core.environment[0m [1;30mLevel 1[0m checking '/home/thanh/bumperbot_ws/src/install/bumperbot_controller/lib/pkgconfig/bumperbot_controller.pc'
[0.714s] [34mcolcon.colcon_core.environment[0m [1;30mLevel 1[0m checking '/home/thanh/bumperbot_ws/src/install/bumperbot_controller/lib/python3.10/site-packages'
[0.714s] [34mcolcon.colcon_core.environment[0m [1;30mLevel 1[0m checking '/home/thanh/bumperbot_ws/src/install/bumperbot_controller/bin'
[0.715s] [34mcolcon.colcon_core.shell[0m [1;30mINFO[0m Creating package script '/home/thanh/bumperbot_ws/src/install/bumperbot_controller/share/bumperbot_controller/package.ps1'
[0.715s] [34mcolcon.colcon_core.shell[0m [1;30mINFO[0m Creating package descriptor '/home/thanh/bumperbot_ws/src/install/bumperbot_controller/share/bumperbot_controller/package.dsv'
[0.715s] [34mcolcon.colcon_core.shell[0m [1;30mINFO[0m Creating package script '/home/thanh/bumperbot_ws/src/install/bumperbot_controller/share/bumperbot_controller/package.sh'
[0.716s] [34mcolcon.colcon_core.shell[0m [1;30mINFO[0m Creating package script '/home/thanh/bumperbot_ws/src/install/bumperbot_controller/share/bumperbot_controller/package.bash'
[0.716s] [34mcolcon.colcon_core.shell[0m [1;30mINFO[0m Creating package script '/home/thanh/bumperbot_ws/src/install/bumperbot_controller/share/bumperbot_controller/package.zsh'
[0.717s] [34mcolcon.colcon_core.environment[0m [1;30mLevel 1[0m create_file_with_runtime_dependencies(/home/thanh/bumperbot_ws/src/install/bumperbot_controller/share/colcon-core/packages/bumperbot_controller)
[0.717s] [34mcolcon.colcon_core.environment[0m [1;30mLevel 1[0m create_environment_scripts_only(bumperbot_controller)
[0.717s] [34mcolcon.colcon_core.environment[0m [1;30mLevel 1[0m checking '/home/thanh/bumperbot_ws/src/install/bumperbot_controller' for CMake module files
[0.717s] [34mcolcon.colcon_core.environment[0m [1;30mLevel 1[0m checking '/home/thanh/bumperbot_ws/src/install/bumperbot_controller' for CMake config files
[0.717s] [34mcolcon.colcon_core.shell[0m [1;30mLevel 1[0m create_environment_hook('bumperbot_controller', 'cmake_prefix_path')
[0.717s] [34mcolcon.colcon_core.shell[0m [1;30mINFO[0m Creating environment hook '/home/thanh/bumperbot_ws/src/install/bumperbot_controller/share/bumperbot_controller/hook/cmake_prefix_path.ps1'
[0.718s] [34mcolcon.colcon_core.shell[0m [1;30mINFO[0m Creating environment descriptor '/home/thanh/bumperbot_ws/src/install/bumperbot_controller/share/bumperbot_controller/hook/cmake_prefix_path.dsv'
[0.718s] [34mcolcon.colcon_core.shell[0m [1;30mINFO[0m Creating environment hook '/home/thanh/bumperbot_ws/src/install/bumperbot_controller/share/bumperbot_controller/hook/cmake_prefix_path.sh'
[0.718s] [34mcolcon.colcon_core.environment[0m [1;30mLevel 1[0m checking '/home/thanh/bumperbot_ws/src/install/bumperbot_controller/bin'
[0.718s] [34mcolcon.colcon_core.environment[0m [1;30mLevel 1[0m checking '/home/thanh/bumperbot_ws/src/install/bumperbot_controller/lib/pkgconfig/bumperbot_controller.pc'
[0.718s] [34mcolcon.colcon_core.environment[0m [1;30mLevel 1[0m checking '/home/thanh/bumperbot_ws/src/install/bumperbot_controller/lib/python3.10/site-packages'
[0.719s] [34mcolcon.colcon_core.environment[0m [1;30mLevel 1[0m checking '/home/thanh/bumperbot_ws/src/install/bumperbot_controller/bin'
[0.719s] [34mcolcon.colcon_core.shell[0m [1;30mINFO[0m Creating package script '/home/thanh/bumperbot_ws/src/install/bumperbot_controller/share/bumperbot_controller/package.ps1'
[0.719s] [34mcolcon.colcon_core.shell[0m [1;30mINFO[0m Creating package descriptor '/home/thanh/bumperbot_ws/src/install/bumperbot_controller/share/bumperbot_controller/package.dsv'
[0.719s] [34mcolcon.colcon_core.shell[0m [1;30mINFO[0m Creating package script '/home/thanh/bumperbot_ws/src/install/bumperbot_controller/share/bumperbot_controller/package.sh'
[0.719s] [34mcolcon.colcon_core.shell[0m [1;30mINFO[0m Creating package script '/home/thanh/bumperbot_ws/src/install/bumperbot_controller/share/bumperbot_controller/package.bash'
[0.720s] [34mcolcon.colcon_core.shell[0m [1;30mINFO[0m Creating package script '/home/thanh/bumperbot_ws/src/install/bumperbot_controller/share/bumperbot_controller/package.zsh'
[0.720s] [34mcolcon.colcon_core.environment[0m [1;30mLevel 1[0m create_file_with_runtime_dependencies(/home/thanh/bumperbot_ws/src/install/bumperbot_controller/share/colcon-core/packages/bumperbot_controller)
[0.730s] [34mcolcon.colcon_core.event_handler.log_command[0m [1;30mDEBUG[0m [32mInvoked command in '/home/thanh/bumperbot_ws/src/build/bumperbot_description' returned '0': CMAKE_PREFIX_PATH=/opt/ros/humble /usr/bin/cmake /home/thanh/bumperbot_ws/src/bumperbot_description -DCMAKE_INSTALL_PREFIX=/home/thanh/bumperbot_ws/src/install/bumperbot_description[0m
[0.731s] [34mcolcon.colcon_core.event_handler.log_command[0m [1;30mDEBUG[0m [32mInvoking command in '/home/thanh/bumperbot_ws/src/build/bumperbot_description': CMAKE_PREFIX_PATH=/opt/ros/humble /usr/bin/cmake --build /home/thanh/bumperbot_ws/src/build/bumperbot_description -- -j16 -l16[0m
[0.758s] [34mcolcon.colcon_core.event_handler.log_command[0m [1;30mDEBUG[0m [32mInvoked command in '/home/thanh/bumperbot_ws/src/build/bumperbot_description' returned '0': CMAKE_PREFIX_PATH=/opt/ros/humble /usr/bin/cmake --build /home/thanh/bumperbot_ws/src/build/bumperbot_description -- -j16 -l16[0m
[0.759s] [34mcolcon.colcon_core.event_handler.log_command[0m [1;30mDEBUG[0m [32mInvoking command in '/home/thanh/bumperbot_ws/src/build/bumperbot_description': CMAKE_PREFIX_PATH=/opt/ros/humble /usr/bin/cmake --install /home/thanh/bumperbot_ws/src/build/bumperbot_description[0m
[0.774s] [34mcolcon.colcon_core.environment[0m [1;30mLevel 1[0m create_environment_scripts_only(bumperbot_description)
[0.775s] [34mcolcon.colcon_core.environment[0m [1;30mLevel 1[0m checking '/home/thanh/bumperbot_ws/src/install/bumperbot_description' for CMake module files
[0.775s] [34mcolcon.colcon_core.event_handler.log_command[0m [1;30mDEBUG[0m [32mInvoked command in '/home/thanh/bumperbot_ws/src/build/bumperbot_description' returned '0': CMAKE_PREFIX_PATH=/opt/ros/humble /usr/bin/cmake --install /home/thanh/bumperbot_ws/src/build/bumperbot_description[0m
[0.775s] [34mcolcon.colcon_core.environment[0m [1;30mLevel 1[0m checking '/home/thanh/bumperbot_ws/src/install/bumperbot_description' for CMake config files
[0.775s] [34mcolcon.colcon_core.shell[0m [1;30mLevel 1[0m create_environment_hook('bumperbot_description', 'cmake_prefix_path')
[0.775s] [34mcolcon.colcon_core.shell[0m [1;30mINFO[0m Creating environment hook '/home/thanh/bumperbot_ws/src/install/bumperbot_description/share/bumperbot_description/hook/cmake_prefix_path.ps1'
[0.776s] [34mcolcon.colcon_core.shell[0m [1;30mINFO[0m Creating environment descriptor '/home/thanh/bumperbot_ws/src/install/bumperbot_description/share/bumperbot_description/hook/cmake_prefix_path.dsv'
[0.776s] [34mcolcon.colcon_core.shell[0m [1;30mINFO[0m Creating environment hook '/home/thanh/bumperbot_ws/src/install/bumperbot_description/share/bumperbot_description/hook/cmake_prefix_path.sh'
[0.776s] [34mcolcon.colcon_core.environment[0m [1;30mLevel 1[0m checking '/home/thanh/bumperbot_ws/src/install/bumperbot_description/bin'
[0.776s] [34mcolcon.colcon_core.environment[0m [1;30mLevel 1[0m checking '/home/thanh/bumperbot_ws/src/install/bumperbot_description/lib/pkgconfig/bumperbot_description.pc'
[0.776s] [34mcolcon.colcon_core.environment[0m [1;30mLevel 1[0m checking '/home/thanh/bumperbot_ws/src/install/bumperbot_description/lib/python3.10/site-packages'
[0.776s] [34mcolcon.colcon_core.environment[0m [1;30mLevel 1[0m checking '/home/thanh/bumperbot_ws/src/install/bumperbot_description/bin'
[0.777s] [34mcolcon.colcon_core.shell[0m [1;30mINFO[0m Creating package script '/home/thanh/bumperbot_ws/src/install/bumperbot_description/share/bumperbot_description/package.ps1'
[0.777s] [34mcolcon.colcon_core.shell[0m [1;30mINFO[0m Creating package descriptor '/home/thanh/bumperbot_ws/src/install/bumperbot_description/share/bumperbot_description/package.dsv'
[0.777s] [34mcolcon.colcon_core.shell[0m [1;30mINFO[0m Creating package script '/home/thanh/bumperbot_ws/src/install/bumperbot_description/share/bumperbot_description/package.sh'
[0.777s] [34mcolcon.colcon_core.shell[0m [1;30mINFO[0m Creating package script '/home/thanh/bumperbot_ws/src/install/bumperbot_description/share/bumperbot_description/package.bash'
[0.777s] [34mcolcon.colcon_core.shell[0m [1;30mINFO[0m Creating package script '/home/thanh/bumperbot_ws/src/install/bumperbot_description/share/bumperbot_description/package.zsh'
[0.778s] [34mcolcon.colcon_core.environment[0m [1;30mLevel 1[0m create_file_with_runtime_dependencies(/home/thanh/bumperbot_ws/src/install/bumperbot_description/share/colcon-core/packages/bumperbot_description)
[0.778s] [34mcolcon.colcon_core.environment[0m [1;30mLevel 1[0m create_environment_scripts_only(bumperbot_description)
[0.778s] [34mcolcon.colcon_core.environment[0m [1;30mLevel 1[0m checking '/home/thanh/bumperbot_ws/src/install/bumperbot_description' for CMake module files
[0.778s] [34mcolcon.colcon_core.environment[0m [1;30mLevel 1[0m checking '/home/thanh/bumperbot_ws/src/install/bumperbot_description' for CMake config files
[0.778s] [34mcolcon.colcon_core.shell[0m [1;30mLevel 1[0m create_environment_hook('bumperbot_description', 'cmake_prefix_path')
[0.778s] [34mcolcon.colcon_core.shell[0m [1;30mINFO[0m Creating environment hook '/home/thanh/bumperbot_ws/src/install/bumperbot_description/share/bumperbot_description/hook/cmake_prefix_path.ps1'
[0.779s] [34mcolcon.colcon_core.shell[0m [1;30mINFO[0m Creating environment descriptor '/home/thanh/bumperbot_ws/src/install/bumperbot_description/share/bumperbot_description/hook/cmake_prefix_path.dsv'
[0.779s] [34mcolcon.colcon_core.shell[0m [1;30mINFO[0m Creating environment hook '/home/thanh/bumperbot_ws/src/install/bumperbot_description/share/bumperbot_description/hook/cmake_prefix_path.sh'
[0.779s] [34mcolcon.colcon_core.environment[0m [1;30mLevel 1[0m checking '/home/thanh/bumperbot_ws/src/install/bumperbot_description/bin'
[0.779s] [34mcolcon.colcon_core.environment[0m [1;30mLevel 1[0m checking '/home/thanh/bumperbot_ws/src/install/bumperbot_description/lib/pkgconfig/bumperbot_description.pc'
[0.779s] [34mcolcon.colcon_core.environment[0m [1;30mLevel 1[0m checking '/home/thanh/bumperbot_ws/src/install/bumperbot_description/lib/python3.10/site-packages'
[0.779s] [34mcolcon.colcon_core.environment[0m [1;30mLevel 1[0m checking '/home/thanh/bumperbot_ws/src/install/bumperbot_description/bin'
[0.780s] [34mcolcon.colcon_core.shell[0m [1;30mINFO[0m Creating package script '/home/thanh/bumperbot_ws/src/install/bumperbot_description/share/bumperbot_description/package.ps1'
[0.780s] [34mcolcon.colcon_core.shell[0m [1;30mINFO[0m Creating package descriptor '/home/thanh/bumperbot_ws/src/install/bumperbot_description/share/bumperbot_description/package.dsv'
[0.781s] [34mcolcon.colcon_core.shell[0m [1;30mINFO[0m Creating package script '/home/thanh/bumperbot_ws/src/install/bumperbot_description/share/bumperbot_description/package.sh'
[0.781s] [34mcolcon.colcon_core.shell[0m [1;30mINFO[0m Creating package script '/home/thanh/bumperbot_ws/src/install/bumperbot_description/share/bumperbot_description/package.bash'
[0.781s] [34mcolcon.colcon_core.shell[0m [1;30mINFO[0m Creating package script '/home/thanh/bumperbot_ws/src/install/bumperbot_description/share/bumperbot_description/package.zsh'
[0.781s] [34mcolcon.colcon_core.environment[0m [1;30mLevel 1[0m create_file_with_runtime_dependencies(/home/thanh/bumperbot_ws/src/install/bumperbot_description/share/colcon-core/packages/bumperbot_description)
[0.861s] [34mcolcon.colcon_core.environment[0m [1;30mLevel 1[0m checking '/home/thanh/bumperbot_ws/src/install/bumperbot_py_example' for CMake module files
[0.861s] [34mcolcon.colcon_core.event_handler.log_command[0m [1;30mDEBUG[0m [32mInvoked command in '/home/thanh/bumperbot_ws/src/bumperbot_py_example' returned '0': PYTHONPATH=/home/thanh/bumperbot_ws/src/build/bumperbot_py_example/prefix_override:/usr/lib/python3/dist-packages/colcon_core/task/python/colcon_distutils_commands:/home/thanh/bumperbot_ws/src/install/bumperbot_py_example/lib/python3.10/site-packages:${PYTHONPATH} /usr/bin/python3 -W ignore:setup.py install is deprecated -W ignore:easy_install command is deprecated setup.py egg_info --egg-base ../build/bumperbot_py_example build --build-base /home/thanh/bumperbot_ws/src/build/bumperbot_py_example/build install --record /home/thanh/bumperbot_ws/src/build/bumperbot_py_example/install.log --single-version-externally-managed install_data[0m
[0.861s] [34mcolcon.colcon_core.environment[0m [1;30mLevel 1[0m checking '/home/thanh/bumperbot_ws/src/install/bumperbot_py_example' for CMake config files
[0.862s] [34mcolcon.colcon_core.environment[0m [1;30mLevel 1[0m checking '/home/thanh/bumperbot_ws/src/install/bumperbot_py_example/lib'
[0.862s] [34mcolcon.colcon_core.environment[0m [1;30mLevel 1[0m checking '/home/thanh/bumperbot_ws/src/install/bumperbot_py_example/bin'
[0.862s] [34mcolcon.colcon_core.environment[0m [1;30mLevel 1[0m checking '/home/thanh/bumperbot_ws/src/install/bumperbot_py_example/lib/pkgconfig/bumperbot_py_example.pc'
[0.862s] [34mcolcon.colcon_core.environment[0m [1;30mLevel 1[0m checking '/home/thanh/bumperbot_ws/src/install/bumperbot_py_example/lib/python3.10/site-packages'
[0.862s] [34mcolcon.colcon_core.shell[0m [1;30mLevel 1[0m create_environment_hook('bumperbot_py_example', 'pythonpath')
[0.862s] [34mcolcon.colcon_core.shell[0m [1;30mINFO[0m Creating environment hook '/home/thanh/bumperbot_ws/src/install/bumperbot_py_example/share/bumperbot_py_example/hook/pythonpath.ps1'
[0.862s] [34mcolcon.colcon_core.shell[0m [1;30mINFO[0m Creating environment descriptor '/home/thanh/bumperbot_ws/src/install/bumperbot_py_example/share/bumperbot_py_example/hook/pythonpath.dsv'
[0.863s] [34mcolcon.colcon_core.shell[0m [1;30mINFO[0m Creating environment hook '/home/thanh/bumperbot_ws/src/install/bumperbot_py_example/share/bumperbot_py_example/hook/pythonpath.sh'
[0.863s] [34mcolcon.colcon_core.environment[0m [1;30mLevel 1[0m checking '/home/thanh/bumperbot_ws/src/install/bumperbot_py_example/bin'
[0.863s] [34mcolcon.colcon_core.environment[0m [1;30mLevel 1[0m create_environment_scripts_only(bumperbot_py_example)
[0.863s] [34mcolcon.colcon_core.shell[0m [1;30mINFO[0m Creating package script '/home/thanh/bumperbot_ws/src/install/bumperbot_py_example/share/bumperbot_py_example/package.ps1'
[0.864s] [34mcolcon.colcon_core.shell[0m [1;30mINFO[0m Creating package descriptor '/home/thanh/bumperbot_ws/src/install/bumperbot_py_example/share/bumperbot_py_example/package.dsv'
[0.864s] [34mcolcon.colcon_core.shell[0m [1;30mINFO[0m Creating package script '/home/thanh/bumperbot_ws/src/install/bumperbot_py_example/share/bumperbot_py_example/package.sh'
[0.864s] [34mcolcon.colcon_core.shell[0m [1;30mINFO[0m Creating package script '/home/thanh/bumperbot_ws/src/install/bumperbot_py_example/share/bumperbot_py_example/package.bash'
[0.864s] [34mcolcon.colcon_core.shell[0m [1;30mINFO[0m Creating package script '/home/thanh/bumperbot_ws/src/install/bumperbot_py_example/share/bumperbot_py_example/package.zsh'
[0.864s] [34mcolcon.colcon_core.environment[0m [1;30mLevel 1[0m create_file_with_runtime_dependencies(/home/thanh/bumperbot_ws/src/install/bumperbot_py_example/share/colcon-core/packages/bumperbot_py_example)
[1.044s] [34mcolcon.colcon_core.event_handler.log_command[0m [1;30mDEBUG[0m [32mInvoked command in '/home/thanh/bumperbot_ws/src/build/bumperbot_cpp_example' returned '0': CMAKE_PREFIX_PATH=/opt/ros/humble /usr/bin/cmake /home/thanh/bumperbot_ws/src/bumperbot_cpp_example -DCMAKE_INSTALL_PREFIX=/home/thanh/bumperbot_ws/src/install/bumperbot_cpp_example[0m
[1.045s] [34mcolcon.colcon_core.event_handler.log_command[0m [1;30mDEBUG[0m [32mInvoking command in '/home/thanh/bumperbot_ws/src/build/bumperbot_cpp_example': CMAKE_PREFIX_PATH=/opt/ros/humble /usr/bin/cmake --build /home/thanh/bumperbot_ws/src/build/bumperbot_cpp_example -- -j16 -l16[0m
[6.241s] [34mcolcon.colcon_core.event_handler.log_command[0m [1;30mDEBUG[0m [32mInvoked command in '/home/thanh/bumperbot_ws/src/build/bumperbot_cpp_example' returned '0': CMAKE_PREFIX_PATH=/opt/ros/humble /usr/bin/cmake --build /home/thanh/bumperbot_ws/src/build/bumperbot_cpp_example -- -j16 -l16[0m
[6.242s] [34mcolcon.colcon_core.event_handler.log_command[0m [1;30mDEBUG[0m [32mInvoking command in '/home/thanh/bumperbot_ws/src/build/bumperbot_cpp_example': CMAKE_PREFIX_PATH=/opt/ros/humble /usr/bin/cmake --install /home/thanh/bumperbot_ws/src/build/bumperbot_cpp_example[0m
[6.257s] [34mcolcon.colcon_core.environment[0m [1;30mLevel 1[0m create_environment_scripts_only(bumperbot_cpp_example)
[6.257s] [34mcolcon.colcon_core.environment[0m [1;30mLevel 1[0m checking '/home/thanh/bumperbot_ws/src/install/bumperbot_cpp_example' for CMake module files
[6.257s] [34mcolcon.colcon_core.event_handler.log_command[0m [1;30mDEBUG[0m [32mInvoked command in '/home/thanh/bumperbot_ws/src/build/bumperbot_cpp_example' returned '0': CMAKE_PREFIX_PATH=/opt/ros/humble /usr/bin/cmake --install /home/thanh/bumperbot_ws/src/build/bumperbot_cpp_example[0m
[6.258s] [34mcolcon.colcon_core.environment[0m [1;30mLevel 1[0m checking '/home/thanh/bumperbot_ws/src/install/bumperbot_cpp_example' for CMake config files
[6.258s] [34mcolcon.colcon_core.shell[0m [1;30mLevel 1[0m create_environment_hook('bumperbot_cpp_example', 'cmake_prefix_path')
[6.258s] [34mcolcon.colcon_core.shell[0m [1;30mINFO[0m Creating environment hook '/home/thanh/bumperbot_ws/src/install/bumperbot_cpp_example/share/bumperbot_cpp_example/hook/cmake_prefix_path.ps1'
[6.258s] [34mcolcon.colcon_core.shell[0m [1;30mINFO[0m Creating environment descriptor '/home/thanh/bumperbot_ws/src/install/bumperbot_cpp_example/share/bumperbot_cpp_example/hook/cmake_prefix_path.dsv'
[6.259s] [34mcolcon.colcon_core.shell[0m [1;30mINFO[0m Creating environment hook '/home/thanh/bumperbot_ws/src/install/bumperbot_cpp_example/share/bumperbot_cpp_example/hook/cmake_prefix_path.sh'
[6.259s] [34mcolcon.colcon_core.environment[0m [1;30mLevel 1[0m checking '/home/thanh/bumperbot_ws/src/install/bumperbot_cpp_example/lib'
[6.259s] [34mcolcon.colcon_core.environment[0m [1;30mLevel 1[0m checking '/home/thanh/bumperbot_ws/src/install/bumperbot_cpp_example/bin'
[6.259s] [34mcolcon.colcon_core.environment[0m [1;30mLevel 1[0m checking '/home/thanh/bumperbot_ws/src/install/bumperbot_cpp_example/lib/pkgconfig/bumperbot_cpp_example.pc'
[6.259s] [34mcolcon.colcon_core.environment[0m [1;30mLevel 1[0m checking '/home/thanh/bumperbot_ws/src/install/bumperbot_cpp_example/lib/python3.10/site-packages'
[6.260s] [34mcolcon.colcon_core.environment[0m [1;30mLevel 1[0m checking '/home/thanh/bumperbot_ws/src/install/bumperbot_cpp_example/bin'
[6.260s] [34mcolcon.colcon_core.shell[0m [1;30mINFO[0m Creating package script '/home/thanh/bumperbot_ws/src/install/bumperbot_cpp_example/share/bumperbot_cpp_example/package.ps1'
[6.261s] [34mcolcon.colcon_core.shell[0m [1;30mINFO[0m Creating package descriptor '/home/thanh/bumperbot_ws/src/install/bumperbot_cpp_example/share/bumperbot_cpp_example/package.dsv'
[6.261s] [34mcolcon.colcon_core.shell[0m [1;30mINFO[0m Creating package script '/home/thanh/bumperbot_ws/src/install/bumperbot_cpp_example/share/bumperbot_cpp_example/package.sh'
[6.261s] [34mcolcon.colcon_core.shell[0m [1;30mINFO[0m Creating package script '/home/thanh/bumperbot_ws/src/install/bumperbot_cpp_example/share/bumperbot_cpp_example/package.bash'
[6.262s] [34mcolcon.colcon_core.shell[0m [1;30mINFO[0m Creating package script '/home/thanh/bumperbot_ws/src/install/bumperbot_cpp_example/share/bumperbot_cpp_example/package.zsh'
[6.262s] [34mcolcon.colcon_core.environment[0m [1;30mLevel 1[0m create_file_with_runtime_dependencies(/home/thanh/bumperbot_ws/src/install/bumperbot_cpp_example/share/colcon-core/packages/bumperbot_cpp_example)
[6.263s] [34mcolcon.colcon_core.environment[0m [1;30mLevel 1[0m create_environment_scripts_only(bumperbot_cpp_example)
[6.263s] [34mcolcon.colcon_core.environment[0m [1;30mLevel 1[0m checking '/home/thanh/bumperbot_ws/src/install/bumperbot_cpp_example' for CMake module files
[6.263s] [34mcolcon.colcon_core.environment[0m [1;30mLevel 1[0m checking '/home/thanh/bumperbot_ws/src/install/bumperbot_cpp_example' for CMake config files
[6.263s] [34mcolcon.colcon_core.shell[0m [1;30mLevel 1[0m create_environment_hook('bumperbot_cpp_example', 'cmake_prefix_path')
[6.264s] [34mcolcon.colcon_core.shell[0m [1;30mINFO[0m Creating environment hook '/home/thanh/bumperbot_ws/src/install/bumperbot_cpp_example/share/bumperbot_cpp_example/hook/cmake_prefix_path.ps1'
[6.264s] [34mcolcon.colcon_core.shell[0m [1;30mINFO[0m Creating environment descriptor '/home/thanh/bumperbot_ws/src/install/bumperbot_cpp_example/share/bumperbot_cpp_example/hook/cmake_prefix_path.dsv'
[6.264s] [34mcolcon.colcon_core.shell[0m [1;30mINFO[0m Creating environment hook '/home/thanh/bumperbot_ws/src/install/bumperbot_cpp_example/share/bumperbot_cpp_example/hook/cmake_prefix_path.sh'
[6.265s] [34mcolcon.colcon_core.environment[0m [1;30mLevel 1[0m checking '/home/thanh/bumperbot_ws/src/install/bumperbot_cpp_example/lib'
[6.265s] [34mcolcon.colcon_core.environment[0m [1;30mLevel 1[0m checking '/home/thanh/bumperbot_ws/src/install/bumperbot_cpp_example/bin'
[6.265s] [34mcolcon.colcon_core.environment[0m [1;30mLevel 1[0m checking '/home/thanh/bumperbot_ws/src/install/bumperbot_cpp_example/lib/pkgconfig/bumperbot_cpp_example.pc'
[6.266s] [34mcolcon.colcon_core.environment[0m [1;30mLevel 1[0m checking '/home/thanh/bumperbot_ws/src/install/bumperbot_cpp_example/lib/python3.10/site-packages'
[6.266s] [34mcolcon.colcon_core.environment[0m [1;30mLevel 1[0m checking '/home/thanh/bumperbot_ws/src/install/bumperbot_cpp_example/bin'
[6.266s] [34mcolcon.colcon_core.shell[0m [1;30mINFO[0m Creating package script '/home/thanh/bumperbot_ws/src/install/bumperbot_cpp_example/share/bumperbot_cpp_example/package.ps1'
[6.267s] [34mcolcon.colcon_core.shell[0m [1;30mINFO[0m Creating package descriptor '/home/thanh/bumperbot_ws/src/install/bumperbot_cpp_example/share/bumperbot_cpp_example/package.dsv'
[6.267s] [34mcolcon.colcon_core.shell[0m [1;30mINFO[0m Creating package script '/home/thanh/bumperbot_ws/src/install/bumperbot_cpp_example/share/bumperbot_cpp_example/package.sh'
[6.268s] [34mcolcon.colcon_core.shell[0m [1;30mINFO[0m Creating package script '/home/thanh/bumperbot_ws/src/install/bumperbot_cpp_example/share/bumperbot_cpp_example/package.bash'
[6.268s] [34mcolcon.colcon_core.shell[0m [1;30mINFO[0m Creating package script '/home/thanh/bumperbot_ws/src/install/bumperbot_cpp_example/share/bumperbot_cpp_example/package.zsh'
[6.268s] [34mcolcon.colcon_core.environment[0m [1;30mLevel 1[0m create_file_with_runtime_dependencies(/home/thanh/bumperbot_ws/src/install/bumperbot_cpp_example/share/colcon-core/packages/bumperbot_cpp_example)
[6.269s] [34mcolcon.colcon_parallel_executor.executor.parallel[0m [1;30mDEBUG[0m [32mclosing loop[0m
[6.269s] [34mcolcon.colcon_parallel_executor.executor.parallel[0m [1;30mDEBUG[0m [32mloop closed[0m
[6.269s] [34mcolcon.colcon_parallel_executor.executor.parallel[0m [1;30mDEBUG[0m [32mrun_until_complete finished with '0'[0m
[6.269s] [34mcolcon.colcon_core.event_reactor[0m [1;30mDEBUG[0m [32mjoining thread[0m
[6.274s] [34mcolcon.colcon_core.plugin_system[0m [1;30mINFO[0m Skipping extension 'colcon_notification.desktop_notification.terminal_notifier': Not used on non-Darwin systems
[6.275s] [34mcolcon.colcon_core.plugin_system[0m [1;30mINFO[0m Skipping extension 'colcon_notification.desktop_notification.win32': Not used on non-Windows systems
[6.275s] [34mcolcon.colcon_notification.desktop_notification[0m [1;30mINFO[0m Sending desktop notification using 'notify2'
[6.289s] [34mcolcon.colcon_core.event_reactor[0m [1;30mDEBUG[0m [32mjoined thread[0m
[6.289s] [34mcolcon.colcon_core.shell[0m [1;30mINFO[0m Creating prefix script '/home/thanh/bumperbot_ws/src/install/local_setup.ps1'
[6.291s] [34mcolcon.colcon_core.shell[0m [1;30mINFO[0m Creating prefix util module '/home/thanh/bumperbot_ws/src/install/_local_setup_util_ps1.py'
[6.292s] [34mcolcon.colcon_core.shell[0m [1;30mINFO[0m Creating prefix chain script '/home/thanh/bumperbot_ws/src/install/setup.ps1'
[6.293s] [34mcolcon.colcon_core.shell[0m [1;30mINFO[0m Creating prefix script '/home/thanh/bumperbot_ws/src/install/local_setup.sh'
[6.293s] [34mcolcon.colcon_core.shell[0m [1;30mINFO[0m Creating prefix util module '/home/thanh/bumperbot_ws/src/install/_local_setup_util_sh.py'
[6.294s] [34mcolcon.colcon_core.shell[0m [1;30mINFO[0m Creating prefix chain script '/home/thanh/bumperbot_ws/src/install/setup.sh'
[6.294s] [34mcolcon.colcon_core.shell[0m [1;30mINFO[0m Creating prefix script '/home/thanh/bumperbot_ws/src/install/local_setup.bash'
[6.295s] [34mcolcon.colcon_core.shell[0m [1;30mINFO[0m Creating prefix chain script '/home/thanh/bumperbot_ws/src/install/setup.bash'
[6.295s] [34mcolcon.colcon_core.shell[0m [1;30mINFO[0m Creating prefix script '/home/thanh/bumperbot_ws/src/install/local_setup.zsh'
[6.296s] [34mcolcon.colcon_core.shell[0m [1;30mINFO[0m Creating prefix chain script '/home/thanh/bumperbot_ws/src/install/setup.zsh'
