[ 75%] Built target simple_publisher
[ 75%] Built target simple_turtlesim_kinematics
[ 75%] Built target simple_parameter
[100%] Built target simple_subscriber
-- Install configuration: ""
-- Up-to-date: /home/thanh/bumperbot_ws/install/bumperbot_cpp_example/include/include
-- Up-to-date: /home/thanh/bumperbot_ws/install/bumperbot_cpp_example/include/include/bumperbot_cpp_example
-- Up-to-date: /home/thanh/bumperbot_ws/install/bumperbot_cpp_example/include/include/bumperbot_cpp_example/simple_turtlesim_kinematics.hpp
-- Up-to-date: /home/thanh/bumperbot_ws/install/bumperbot_cpp_example/lib/bumperbot_cpp_example/simple_publisher
-- Up-to-date: /home/thanh/bumperbot_ws/install/bumperbot_cpp_example/lib/bumperbot_cpp_example/simple_subscriber
-- Up-to-date: /home/thanh/bumperbot_ws/install/bumperbot_cpp_example/lib/bumperbot_cpp_example/simple_parameter
-- Up-to-date: /home/thanh/bumperbot_ws/install/bumperbot_cpp_example/lib/bumperbot_cpp_example/simple_turtlesim_kinematics
-- Up-to-date: /home/thanh/bumperbot_ws/install/bumperbot_cpp_example/share/ament_index/resource_index/package_run_dependencies/bumperbot_cpp_example
-- Up-to-date: /home/thanh/bumperbot_ws/install/bumperbot_cpp_example/share/ament_index/resource_index/parent_prefix_path/bumperbot_cpp_example
-- Up-to-date: /home/thanh/bumperbot_ws/install/bumperbot_cpp_example/share/bumperbot_cpp_example/environment/ament_prefix_path.sh
-- Up-to-date: /home/thanh/bumperbot_ws/install/bumperbot_cpp_example/share/bumperbot_cpp_example/environment/ament_prefix_path.dsv
-- Up-to-date: /home/thanh/bumperbot_ws/install/bumperbot_cpp_example/share/bumperbot_cpp_example/environment/path.sh
-- Up-to-date: /home/thanh/bumperbot_ws/install/bumperbot_cpp_example/share/bumperbot_cpp_example/environment/path.dsv
-- Up-to-date: /home/thanh/bumperbot_ws/install/bumperbot_cpp_example/share/bumperbot_cpp_example/local_setup.bash
-- Up-to-date: /home/thanh/bumperbot_ws/install/bumperbot_cpp_example/share/bumperbot_cpp_example/local_setup.sh
-- Up-to-date: /home/thanh/bumperbot_ws/install/bumperbot_cpp_example/share/bumperbot_cpp_example/local_setup.zsh
-- Up-to-date: /home/thanh/bumperbot_ws/install/bumperbot_cpp_example/share/bumperbot_cpp_example/local_setup.dsv
-- Installing: /home/thanh/bumperbot_ws/install/bumperbot_cpp_example/share/bumperbot_cpp_example/package.dsv
-- Up-to-date: /home/thanh/bumperbot_ws/install/bumperbot_cpp_example/share/ament_index/resource_index/packages/bumperbot_cpp_example
-- Up-to-date: /home/thanh/bumperbot_ws/install/bumperbot_cpp_example/share/bumperbot_cpp_example/cmake/bumperbot_cpp_exampleConfig.cmake
-- Up-to-date: /home/thanh/bumperbot_ws/install/bumperbot_cpp_example/share/bumperbot_cpp_example/cmake/bumperbot_cpp_exampleConfig-version.cmake
-- Up-to-date: /home/thanh/bumperbot_ws/install/bumperbot_cpp_example/share/bumperbot_cpp_example/package.xml
