running egg_info
writing ../build/bumperbot_py_example/bumperbot_py_example.egg-info/PKG-INFO
writing dependency_links to ../build/bumperbot_py_example/bumperbot_py_example.egg-info/dependency_links.txt
writing entry points to ../build/bumperbot_py_example/bumperbot_py_example.egg-info/entry_points.txt
writing requirements to ../build/bumperbot_py_example/bumperbot_py_example.egg-info/requires.txt
writing top-level names to ../build/bumperbot_py_example/bumperbot_py_example.egg-info/top_level.txt
reading manifest file '../build/bumperbot_py_example/bumperbot_py_example.egg-info/SOURCES.txt'
writing manifest file '../build/bumperbot_py_example/bumperbot_py_example.egg-info/SOURCES.txt'
running build
running build_py
running install
running install_lib
running install_data
running install_egg_info
removing '/home/thanh/bumperbot_ws/src/install/bumperbot_py_example/lib/python3.10/site-packages/bumperbot_py_example-0.0.0-py3.10.egg-info' (and everything under it)
Copying ../build/bumperbot_py_example/bumperbot_py_example.egg-info to /home/thanh/bumperbot_ws/src/install/bumperbot_py_example/lib/python3.10/site-packages/bumperbot_py_example-0.0.0-py3.10.egg-info
running install_scripts
Installing simple_parameter script to /home/thanh/bumperbot_ws/src/install/bumperbot_py_example/lib/bumperbot_py_example
Installing simple_publisher script to /home/thanh/bumperbot_ws/src/install/bumperbot_py_example/lib/bumperbot_py_example
Installing simple_subscriber script to /home/thanh/bumperbot_ws/src/install/bumperbot_py_example/lib/bumperbot_py_example
writing list of installed files to '/home/thanh/bumperbot_ws/src/build/bumperbot_py_example/install.log'
