[0.369s] Invoking command in '/home/thanh/bumperbot_ws/src/bumperbot_py_example': PYTHONPATH=/home/thanh/bumperbot_ws/src/build/bumperbot_py_example/prefix_override:/usr/lib/python3/dist-packages/colcon_core/task/python/colcon_distutils_commands:/home/thanh/bumperbot_ws/src/install/bumperbot_py_example/lib/python3.10/site-packages:${PYTHONPATH} /usr/bin/python3 -W ignore:setup.py install is deprecated -W ignore:easy_install command is deprecated setup.py egg_info --egg-base ../build/bumperbot_py_example build --build-base /home/thanh/bumperbot_ws/src/build/bumperbot_py_example/build install --record /home/thanh/bumperbot_ws/src/build/bumperbot_py_example/install.log --single-version-externally-managed install_data
[0.497s] running egg_info
[0.497s] writing ../build/bumperbot_py_example/bumperbot_py_example.egg-info/PKG-INFO
[0.497s] writing dependency_links to ../build/bumperbot_py_example/bumperbot_py_example.egg-info/dependency_links.txt
[0.497s] writing entry points to ../build/bumperbot_py_example/bumperbot_py_example.egg-info/entry_points.txt
[0.498s] writing requirements to ../build/bumperbot_py_example/bumperbot_py_example.egg-info/requires.txt
[0.498s] writing top-level names to ../build/bumperbot_py_example/bumperbot_py_example.egg-info/top_level.txt
[0.499s] reading manifest file '../build/bumperbot_py_example/bumperbot_py_example.egg-info/SOURCES.txt'
[0.499s] writing manifest file '../build/bumperbot_py_example/bumperbot_py_example.egg-info/SOURCES.txt'
[0.499s] running build
[0.499s] running build_py
[0.499s] running install
[0.499s] running install_lib
[0.500s] running install_data
[0.500s] running install_egg_info
[0.501s] removing '/home/thanh/bumperbot_ws/src/install/bumperbot_py_example/lib/python3.10/site-packages/bumperbot_py_example-0.0.0-py3.10.egg-info' (and everything under it)
[0.501s] Copying ../build/bumperbot_py_example/bumperbot_py_example.egg-info to /home/thanh/bumperbot_ws/src/install/bumperbot_py_example/lib/python3.10/site-packages/bumperbot_py_example-0.0.0-py3.10.egg-info
[0.501s] running install_scripts
[0.513s] Installing simple_parameter script to /home/thanh/bumperbot_ws/src/install/bumperbot_py_example/lib/bumperbot_py_example
[0.513s] Installing simple_publisher script to /home/thanh/bumperbot_ws/src/install/bumperbot_py_example/lib/bumperbot_py_example
[0.513s] Installing simple_subscriber script to /home/thanh/bumperbot_ws/src/install/bumperbot_py_example/lib/bumperbot_py_example
[0.513s] writing list of installed files to '/home/thanh/bumperbot_ws/src/build/bumperbot_py_example/install.log'
[0.527s] Invoked command in '/home/thanh/bumperbot_ws/src/bumperbot_py_example' returned '0': PYTHONPATH=/home/thanh/bumperbot_ws/src/build/bumperbot_py_example/prefix_override:/usr/lib/python3/dist-packages/colcon_core/task/python/colcon_distutils_commands:/home/thanh/bumperbot_ws/src/install/bumperbot_py_example/lib/python3.10/site-packages:${PYTHONPATH} /usr/bin/python3 -W ignore:setup.py install is deprecated -W ignore:easy_install command is deprecated setup.py egg_info --egg-base ../build/bumperbot_py_example build --build-base /home/thanh/bumperbot_ws/src/build/bumperbot_py_example/build install --record /home/thanh/bumperbot_ws/src/build/bumperbot_py_example/install.log --single-version-externally-managed install_data
