[0.014s] Invoking command in '/home/thanh/bumperbot_ws/build/bumperbot_controller': CMAKE_PREFIX_PATH=/opt/ros/humble /usr/bin/cmake --build /home/thanh/bumperbot_ws/build/bumperbot_controller -- -j16 -l16
[0.039s] -- Found ament_cmake: 1.3.12 (/opt/ros/humble/share/ament_cmake/cmake)
[0.129s] -- Found rclpy: 3.3.17 (/opt/ros/humble/share/rclpy/cmake)
[0.129s] -- Found std_msgs: 4.9.0 (/opt/ros/humble/share/std_msgs/cmake)
[0.147s] -- Found rosidl_generator_c: 3.1.7 (/opt/ros/humble/share/rosidl_generator_c/cmake)
[0.149s] -- Found rosidl_adapter: 3.1.7 (/opt/ros/humble/share/rosidl_adapter/cmake)
[0.153s] -- Found rosidl_generator_cpp: 3.1.7 (/opt/ros/humble/share/rosidl_generator_cpp/cmake)
[0.160s] -- Using all available rosidl_typesupport_c: rosidl_typesupport_fastrtps_c;rosidl_typesupport_introspection_c
[0.169s] -- Using all available rosidl_typesupport_cpp: rosidl_typesupport_fastrtps_cpp;rosidl_typesupport_introspection_cpp
[0.184s] -- Found geometry_msgs: 4.9.0 (/opt/ros/humble/share/geometry_msgs/cmake)
[0.194s] -- Found rclcpp: 16.0.15 (/opt/ros/humble/share/rclcpp/cmake)
[0.221s] -- Found rmw_implementation_cmake: 6.1.2 (/opt/ros/humble/share/rmw_implementation_cmake/cmake)
[0.223s] -- Found rmw_fastrtps_cpp: 6.2.9 (/opt/ros/humble/share/rmw_fastrtps_cpp/cmake)
[0.285s] -- Found OpenSSL: /usr/lib/x86_64-linux-gnu/libcrypto.so (found version "3.0.2")  
[0.304s] -- Found FastRTPS: /opt/ros/humble/include  
[0.330s] -- Using RMW implementation 'rmw_fastrtps_cpp' as default
[0.336s] -- Looking for pthread.h
[0.395s] -- Looking for pthread.h - found
[0.395s] -- Performing Test CMAKE_HAVE_LIBC_PTHREAD
[0.453s] -- Performing Test CMAKE_HAVE_LIBC_PTHREAD - Success
[0.453s] -- Found Threads: TRUE  
[0.528s] -- Found ament_lint_auto: 0.12.14 (/opt/ros/humble/share/ament_lint_auto/cmake)
[0.576s] -- Added test 'cppcheck' to perform static code analysis on C / C++ code
[0.576s] -- Configured cppcheck include dirs: /home/thanh/bumperbot_ws/src/bumperbot_controller/include
[0.576s] -- Configured cppcheck exclude dirs and/or files: 
[0.576s] -- Added test 'flake8' to check Python code syntax and style conventions
[0.577s] -- Added test 'lint_cmake' to check CMake code style
[0.577s] -- Added test 'pep257' to check Python code against some of the docstring style conventions in PEP 257
[0.577s] -- Added test 'uncrustify' to check C / C++ code style
[0.578s] -- Configured uncrustify additional arguments: 
[0.578s] -- Added test 'xmllint' to check XML markup files
[0.579s] -- Configuring done
[0.585s] -- Generating done
[0.587s] -- Build files have been written to: /home/thanh/bumperbot_ws/build/bumperbot_controller
[0.611s] [ 50%] [32mBuilding CXX object CMakeFiles/simple_controller.dir/src/simple_controller.cpp.o[0m
[0.618s] [ 50%] Built target ament_cmake_python_copy_bumperbot_controller
[0.768s] running egg_info
[0.768s] writing bumperbot_controller.egg-info/PKG-INFO
[0.768s] writing dependency_links to bumperbot_controller.egg-info/dependency_links.txt
[0.769s] writing top-level names to bumperbot_controller.egg-info/top_level.txt
[0.770s] reading manifest file 'bumperbot_controller.egg-info/SOURCES.txt'
[0.770s] writing manifest file 'bumperbot_controller.egg-info/SOURCES.txt'
[0.792s] [ 50%] Built target ament_cmake_python_build_bumperbot_controller_egg
[5.825s] [100%] [32m[1mLinking CXX executable simple_controller[0m
[6.069s] [100%] Built target simple_controller
[6.078s] Invoked command in '/home/thanh/bumperbot_ws/build/bumperbot_controller' returned '0': CMAKE_PREFIX_PATH=/opt/ros/humble /usr/bin/cmake --build /home/thanh/bumperbot_ws/build/bumperbot_controller -- -j16 -l16
[6.079s] Invoking command in '/home/thanh/bumperbot_ws/build/bumperbot_controller': CMAKE_PREFIX_PATH=/opt/ros/humble /usr/bin/cmake --install /home/thanh/bumperbot_ws/build/bumperbot_controller
[6.083s] -- Install configuration: ""
[6.083s] -- Up-to-date: /home/thanh/bumperbot_ws/install/bumperbot_controller/share/bumperbot_controller/environment/pythonpath.sh
[6.084s] -- Installing: /home/thanh/bumperbot_ws/install/bumperbot_controller/share/bumperbot_controller/environment/pythonpath.dsv
[6.084s] -- Up-to-date: /home/thanh/bumperbot_ws/install/bumperbot_controller/local/lib/python3.10/dist-packages/bumperbot_controller-0.0.0-py3.10.egg-info
[6.084s] -- Installing: /home/thanh/bumperbot_ws/install/bumperbot_controller/local/lib/python3.10/dist-packages/bumperbot_controller-0.0.0-py3.10.egg-info/top_level.txt
[6.084s] -- Installing: /home/thanh/bumperbot_ws/install/bumperbot_controller/local/lib/python3.10/dist-packages/bumperbot_controller-0.0.0-py3.10.egg-info/dependency_links.txt
[6.084s] -- Installing: /home/thanh/bumperbot_ws/install/bumperbot_controller/local/lib/python3.10/dist-packages/bumperbot_controller-0.0.0-py3.10.egg-info/SOURCES.txt
[6.084s] -- Installing: /home/thanh/bumperbot_ws/install/bumperbot_controller/local/lib/python3.10/dist-packages/bumperbot_controller-0.0.0-py3.10.egg-info/PKG-INFO
[6.084s] -- Up-to-date: /home/thanh/bumperbot_ws/install/bumperbot_controller/local/lib/python3.10/dist-packages/bumperbot_controller
[6.084s] -- Up-to-date: /home/thanh/bumperbot_ws/install/bumperbot_controller/local/lib/python3.10/dist-packages/bumperbot_controller/simple_controller.py
[6.084s] -- Up-to-date: /home/thanh/bumperbot_ws/install/bumperbot_controller/local/lib/python3.10/dist-packages/bumperbot_controller/__init__.py
[6.105s] Listing '/home/thanh/bumperbot_ws/install/bumperbot_controller/local/lib/python3.10/dist-packages/bumperbot_controller'...
[6.108s] -- Installing: /home/thanh/bumperbot_ws/install/bumperbot_controller/include/include
[6.108s] -- Installing: /home/thanh/bumperbot_ws/install/bumperbot_controller/include/include/bumperbot_controller
[6.108s] -- Installing: /home/thanh/bumperbot_ws/install/bumperbot_controller/include/include/bumperbot_controller/simple_controller.hpp
[6.108s] -- Installing: /home/thanh/bumperbot_ws/install/bumperbot_controller/lib/bumperbot_controller/simple_controller
[6.110s] -- Set runtime path of "/home/thanh/bumperbot_ws/install/bumperbot_controller/lib/bumperbot_controller/simple_controller" to ""
[6.110s] -- Up-to-date: /home/thanh/bumperbot_ws/install/bumperbot_controller/share/bumperbot_controller/config
[6.110s] -- Up-to-date: /home/thanh/bumperbot_ws/install/bumperbot_controller/share/bumperbot_controller/config/bumperbot_controllers.yaml
[6.110s] -- Up-to-date: /home/thanh/bumperbot_ws/install/bumperbot_controller/share/bumperbot_controller/launch
[6.110s] -- Up-to-date: /home/thanh/bumperbot_ws/install/bumperbot_controller/share/bumperbot_controller/launch/controller.launch.py
[6.110s] -- Up-to-date: /home/thanh/bumperbot_ws/install/bumperbot_controller/lib/bumperbot_controller/simple_controller.py
[6.110s] -- Installing: /home/thanh/bumperbot_ws/install/bumperbot_controller/share/ament_index/resource_index/package_run_dependencies/bumperbot_controller
[6.110s] -- Up-to-date: /home/thanh/bumperbot_ws/install/bumperbot_controller/share/ament_index/resource_index/parent_prefix_path/bumperbot_controller
[6.110s] -- Up-to-date: /home/thanh/bumperbot_ws/install/bumperbot_controller/share/bumperbot_controller/environment/ament_prefix_path.sh
[6.110s] -- Installing: /home/thanh/bumperbot_ws/install/bumperbot_controller/share/bumperbot_controller/environment/ament_prefix_path.dsv
[6.110s] -- Up-to-date: /home/thanh/bumperbot_ws/install/bumperbot_controller/share/bumperbot_controller/environment/path.sh
[6.111s] -- Installing: /home/thanh/bumperbot_ws/install/bumperbot_controller/share/bumperbot_controller/environment/path.dsv
[6.111s] -- Up-to-date: /home/thanh/bumperbot_ws/install/bumperbot_controller/share/bumperbot_controller/local_setup.bash
[6.111s] -- Up-to-date: /home/thanh/bumperbot_ws/install/bumperbot_controller/share/bumperbot_controller/local_setup.sh
[6.111s] -- Up-to-date: /home/thanh/bumperbot_ws/install/bumperbot_controller/share/bumperbot_controller/local_setup.zsh
[6.111s] -- Installing: /home/thanh/bumperbot_ws/install/bumperbot_controller/share/bumperbot_controller/local_setup.dsv
[6.111s] -- Installing: /home/thanh/bumperbot_ws/install/bumperbot_controller/share/bumperbot_controller/package.dsv
[6.111s] -- Up-to-date: /home/thanh/bumperbot_ws/install/bumperbot_controller/share/ament_index/resource_index/packages/bumperbot_controller
[6.111s] -- Up-to-date: /home/thanh/bumperbot_ws/install/bumperbot_controller/share/bumperbot_controller/cmake/bumperbot_controllerConfig.cmake
[6.111s] -- Up-to-date: /home/thanh/bumperbot_ws/install/bumperbot_controller/share/bumperbot_controller/cmake/bumperbot_controllerConfig-version.cmake
[6.111s] -- Installing: /home/thanh/bumperbot_ws/install/bumperbot_controller/share/bumperbot_controller/package.xml
[6.112s] Invoked command in '/home/thanh/bumperbot_ws/build/bumperbot_controller' returned '0': CMAKE_PREFIX_PATH=/opt/ros/humble /usr/bin/cmake --install /home/thanh/bumperbot_ws/build/bumperbot_controller
