running egg_info
creating ../build/bumperbot_py_example/bumperbot_py_example.egg-info
writing ../build/bumperbot_py_example/bumperbot_py_example.egg-info/PKG-INFO
writing dependency_links to ../build/bumperbot_py_example/bumperbot_py_example.egg-info/dependency_links.txt
writing entry points to ../build/bumperbot_py_example/bumperbot_py_example.egg-info/entry_points.txt
writing requirements to ../build/bumperbot_py_example/bumperbot_py_example.egg-info/requires.txt
writing top-level names to ../build/bumperbot_py_example/bumperbot_py_example.egg-info/top_level.txt
writing manifest file '../build/bumperbot_py_example/bumperbot_py_example.egg-info/SOURCES.txt'
reading manifest file '../build/bumperbot_py_example/bumperbot_py_example.egg-info/SOURCES.txt'
writing manifest file '../build/bumperbot_py_example/bumperbot_py_example.egg-info/SOURCES.txt'
running build
running build_py
creating /home/thanh/bumperbot_ws/src/build/bumperbot_py_example/build
creating /home/thanh/bumperbot_ws/src/build/bumperbot_py_example/build/lib
creating /home/thanh/bumperbot_ws/src/build/bumperbot_py_example/build/lib/bumperbot_py_example
copying bumperbot_py_example/simple_parameter.py -> /home/thanh/bumperbot_ws/src/build/bumperbot_py_example/build/lib/bumperbot_py_example
copying bumperbot_py_example/simple_publisher.py -> /home/thanh/bumperbot_ws/src/build/bumperbot_py_example/build/lib/bumperbot_py_example
copying bumperbot_py_example/__init__.py -> /home/thanh/bumperbot_ws/src/build/bumperbot_py_example/build/lib/bumperbot_py_example
copying bumperbot_py_example/simple_subscriber.py -> /home/thanh/bumperbot_ws/src/build/bumperbot_py_example/build/lib/bumperbot_py_example
running install
running install_lib
creating /home/thanh/bumperbot_ws/src/install/bumperbot_py_example/lib/python3.10/site-packages/bumperbot_py_example
copying /home/thanh/bumperbot_ws/src/build/bumperbot_py_example/build/lib/bumperbot_py_example/simple_parameter.py -> /home/thanh/bumperbot_ws/src/install/bumperbot_py_example/lib/python3.10/site-packages/bumperbot_py_example
copying /home/thanh/bumperbot_ws/src/build/bumperbot_py_example/build/lib/bumperbot_py_example/simple_publisher.py -> /home/thanh/bumperbot_ws/src/install/bumperbot_py_example/lib/python3.10/site-packages/bumperbot_py_example
copying /home/thanh/bumperbot_ws/src/build/bumperbot_py_example/build/lib/bumperbot_py_example/__init__.py -> /home/thanh/bumperbot_ws/src/install/bumperbot_py_example/lib/python3.10/site-packages/bumperbot_py_example
copying /home/thanh/bumperbot_ws/src/build/bumperbot_py_example/build/lib/bumperbot_py_example/simple_subscriber.py -> /home/thanh/bumperbot_ws/src/install/bumperbot_py_example/lib/python3.10/site-packages/bumperbot_py_example
byte-compiling /home/thanh/bumperbot_ws/src/install/bumperbot_py_example/lib/python3.10/site-packages/bumperbot_py_example/simple_parameter.py to simple_parameter.cpython-310.pyc
byte-compiling /home/thanh/bumperbot_ws/src/install/bumperbot_py_example/lib/python3.10/site-packages/bumperbot_py_example/simple_publisher.py to simple_publisher.cpython-310.pyc
byte-compiling /home/thanh/bumperbot_ws/src/install/bumperbot_py_example/lib/python3.10/site-packages/bumperbot_py_example/__init__.py to __init__.cpython-310.pyc
byte-compiling /home/thanh/bumperbot_ws/src/install/bumperbot_py_example/lib/python3.10/site-packages/bumperbot_py_example/simple_subscriber.py to simple_subscriber.cpython-310.pyc
running install_data
creating /home/thanh/bumperbot_ws/src/install/bumperbot_py_example/share/ament_index
creating /home/thanh/bumperbot_ws/src/install/bumperbot_py_example/share/ament_index/resource_index
creating /home/thanh/bumperbot_ws/src/install/bumperbot_py_example/share/ament_index/resource_index/packages
copying resource/bumperbot_py_example -> /home/thanh/bumperbot_ws/src/install/bumperbot_py_example/share/ament_index/resource_index/packages
copying package.xml -> /home/thanh/bumperbot_ws/src/install/bumperbot_py_example/share/bumperbot_py_example
running install_egg_info
Copying ../build/bumperbot_py_example/bumperbot_py_example.egg-info to /home/thanh/bumperbot_ws/src/install/bumperbot_py_example/lib/python3.10/site-packages/bumperbot_py_example-0.0.0-py3.10.egg-info
running install_scripts
Installing simple_parameter script to /home/thanh/bumperbot_ws/src/install/bumperbot_py_example/lib/bumperbot_py_example
Installing simple_publisher script to /home/thanh/bumperbot_ws/src/install/bumperbot_py_example/lib/bumperbot_py_example
Installing simple_subscriber script to /home/thanh/bumperbot_ws/src/install/bumperbot_py_example/lib/bumperbot_py_example
writing list of installed files to '/home/thanh/bumperbot_ws/src/build/bumperbot_py_example/install.log'
