[0.428s] Invoking command in '/home/thanh/bumperbot_ws/src/bumperbot_py_example': PYTHONPATH=/home/thanh/bumperbot_ws/src/build/bumperbot_py_example/prefix_override:/usr/lib/python3/dist-packages/colcon_core/task/python/colcon_distutils_commands:/home/thanh/bumperbot_ws/src/install/bumperbot_py_example/lib/python3.10/site-packages:${PYTHONPATH} /usr/bin/python3 -W ignore:setup.py install is deprecated -W ignore:easy_install command is deprecated setup.py egg_info --egg-base ../build/bumperbot_py_example build --build-base /home/thanh/bumperbot_ws/src/build/bumperbot_py_example/build install --record /home/thanh/bumperbot_ws/src/build/bumperbot_py_example/install.log --single-version-externally-managed install_data
[0.583s] running egg_info
[0.583s] creating ../build/bumperbot_py_example/bumperbot_py_example.egg-info
[0.583s] writing ../build/bumperbot_py_example/bumperbot_py_example.egg-info/PKG-INFO
[0.583s] writing dependency_links to ../build/bumperbot_py_example/bumperbot_py_example.egg-info/dependency_links.txt
[0.583s] writing entry points to ../build/bumperbot_py_example/bumperbot_py_example.egg-info/entry_points.txt
[0.583s] writing requirements to ../build/bumperbot_py_example/bumperbot_py_example.egg-info/requires.txt
[0.583s] writing top-level names to ../build/bumperbot_py_example/bumperbot_py_example.egg-info/top_level.txt
[0.583s] writing manifest file '../build/bumperbot_py_example/bumperbot_py_example.egg-info/SOURCES.txt'
[0.584s] reading manifest file '../build/bumperbot_py_example/bumperbot_py_example.egg-info/SOURCES.txt'
[0.585s] writing manifest file '../build/bumperbot_py_example/bumperbot_py_example.egg-info/SOURCES.txt'
[0.585s] running build
[0.585s] running build_py
[0.585s] creating /home/thanh/bumperbot_ws/src/build/bumperbot_py_example/build
[0.585s] creating /home/thanh/bumperbot_ws/src/build/bumperbot_py_example/build/lib
[0.585s] creating /home/thanh/bumperbot_ws/src/build/bumperbot_py_example/build/lib/bumperbot_py_example
[0.585s] copying bumperbot_py_example/simple_parameter.py -> /home/thanh/bumperbot_ws/src/build/bumperbot_py_example/build/lib/bumperbot_py_example
[0.585s] copying bumperbot_py_example/simple_publisher.py -> /home/thanh/bumperbot_ws/src/build/bumperbot_py_example/build/lib/bumperbot_py_example
[0.585s] copying bumperbot_py_example/__init__.py -> /home/thanh/bumperbot_ws/src/build/bumperbot_py_example/build/lib/bumperbot_py_example
[0.585s] copying bumperbot_py_example/simple_subscriber.py -> /home/thanh/bumperbot_ws/src/build/bumperbot_py_example/build/lib/bumperbot_py_example
[0.585s] running install
[0.585s] running install_lib
[0.586s] creating /home/thanh/bumperbot_ws/src/install/bumperbot_py_example/lib/python3.10/site-packages/bumperbot_py_example
[0.586s] copying /home/thanh/bumperbot_ws/src/build/bumperbot_py_example/build/lib/bumperbot_py_example/simple_parameter.py -> /home/thanh/bumperbot_ws/src/install/bumperbot_py_example/lib/python3.10/site-packages/bumperbot_py_example
[0.586s] copying /home/thanh/bumperbot_ws/src/build/bumperbot_py_example/build/lib/bumperbot_py_example/simple_publisher.py -> /home/thanh/bumperbot_ws/src/install/bumperbot_py_example/lib/python3.10/site-packages/bumperbot_py_example
[0.586s] copying /home/thanh/bumperbot_ws/src/build/bumperbot_py_example/build/lib/bumperbot_py_example/__init__.py -> /home/thanh/bumperbot_ws/src/install/bumperbot_py_example/lib/python3.10/site-packages/bumperbot_py_example
[0.586s] copying /home/thanh/bumperbot_ws/src/build/bumperbot_py_example/build/lib/bumperbot_py_example/simple_subscriber.py -> /home/thanh/bumperbot_ws/src/install/bumperbot_py_example/lib/python3.10/site-packages/bumperbot_py_example
[0.586s] byte-compiling /home/thanh/bumperbot_ws/src/install/bumperbot_py_example/lib/python3.10/site-packages/bumperbot_py_example/simple_parameter.py to simple_parameter.cpython-310.pyc
[0.586s] byte-compiling /home/thanh/bumperbot_ws/src/install/bumperbot_py_example/lib/python3.10/site-packages/bumperbot_py_example/simple_publisher.py to simple_publisher.cpython-310.pyc
[0.587s] byte-compiling /home/thanh/bumperbot_ws/src/install/bumperbot_py_example/lib/python3.10/site-packages/bumperbot_py_example/__init__.py to __init__.cpython-310.pyc
[0.587s] byte-compiling /home/thanh/bumperbot_ws/src/install/bumperbot_py_example/lib/python3.10/site-packages/bumperbot_py_example/simple_subscriber.py to simple_subscriber.cpython-310.pyc
[0.587s] running install_data
[0.587s] creating /home/thanh/bumperbot_ws/src/install/bumperbot_py_example/share/ament_index
[0.587s] creating /home/thanh/bumperbot_ws/src/install/bumperbot_py_example/share/ament_index/resource_index
[0.587s] creating /home/thanh/bumperbot_ws/src/install/bumperbot_py_example/share/ament_index/resource_index/packages
[0.587s] copying resource/bumperbot_py_example -> /home/thanh/bumperbot_ws/src/install/bumperbot_py_example/share/ament_index/resource_index/packages
[0.587s] copying package.xml -> /home/thanh/bumperbot_ws/src/install/bumperbot_py_example/share/bumperbot_py_example
[0.587s] running install_egg_info
[0.588s] Copying ../build/bumperbot_py_example/bumperbot_py_example.egg-info to /home/thanh/bumperbot_ws/src/install/bumperbot_py_example/lib/python3.10/site-packages/bumperbot_py_example-0.0.0-py3.10.egg-info
[0.589s] running install_scripts
[0.602s] Installing simple_parameter script to /home/thanh/bumperbot_ws/src/install/bumperbot_py_example/lib/bumperbot_py_example
[0.603s] Installing simple_publisher script to /home/thanh/bumperbot_ws/src/install/bumperbot_py_example/lib/bumperbot_py_example
[0.603s] Installing simple_subscriber script to /home/thanh/bumperbot_ws/src/install/bumperbot_py_example/lib/bumperbot_py_example
[0.603s] writing list of installed files to '/home/thanh/bumperbot_ws/src/build/bumperbot_py_example/install.log'
[0.619s] Invoked command in '/home/thanh/bumperbot_ws/src/bumperbot_py_example' returned '0': PYTHONPATH=/home/thanh/bumperbot_ws/src/build/bumperbot_py_example/prefix_override:/usr/lib/python3/dist-packages/colcon_core/task/python/colcon_distutils_commands:/home/thanh/bumperbot_ws/src/install/bumperbot_py_example/lib/python3.10/site-packages:${PYTHONPATH} /usr/bin/python3 -W ignore:setup.py install is deprecated -W ignore:easy_install command is deprecated setup.py egg_info --egg-base ../build/bumperbot_py_example build --build-base /home/thanh/bumperbot_ws/src/build/bumperbot_py_example/build install --record /home/thanh/bumperbot_ws/src/build/bumperbot_py_example/install.log --single-version-externally-managed install_data
