[0.011s] Invoking command in '/home/thanh/bumperbot_ws/build/bumperbot_cpp_example': CMAKE_PREFIX_PATH=/opt/ros/humble /usr/bin/cmake --build /home/thanh/bumperbot_ws/build/bumperbot_cpp_example -- -j16 -l16
[0.057s] [ 25%] Built target simple_parameter
[0.057s] [ 37%] [32mBuilding CXX object CMakeFiles/simple_turtlesim_kinematics.dir/src/simple_turtlesim_kinematics.cpp.o[0m
[0.059s] [ 62%] Built target simple_publisher
[0.061s] [ 87%] Built target simple_subscriber
[4.805s] [100%] [32m[1mLinking CXX executable simple_turtlesim_kinematics[0m
[5.051s] [100%] Built target simple_turtlesim_kinematics
[5.058s] Invoked command in '/home/thanh/bumperbot_ws/build/bumperbot_cpp_example' returned '0': CMAKE_PREFIX_PATH=/opt/ros/humble /usr/bin/cmake --build /home/thanh/bumperbot_ws/build/bumperbot_cpp_example -- -j16 -l16
[5.059s] Invoking command in '/home/thanh/bumperbot_ws/build/bumperbot_cpp_example': CMAKE_PREFIX_PATH=/opt/ros/humble /usr/bin/cmake --install /home/thanh/bumperbot_ws/build/bumperbot_cpp_example
[5.065s] -- Install configuration: ""
[5.065s] -- Up-to-date: /home/thanh/bumperbot_ws/install/bumperbot_cpp_example/include/include
[5.065s] -- Up-to-date: /home/thanh/bumperbot_ws/install/bumperbot_cpp_example/include/include/bumperbot_cpp_example
[5.065s] -- Up-to-date: /home/thanh/bumperbot_ws/install/bumperbot_cpp_example/include/include/bumperbot_cpp_example/simple_turtlesim_kinematics.hpp
[5.066s] -- Up-to-date: /home/thanh/bumperbot_ws/install/bumperbot_cpp_example/lib/bumperbot_cpp_example/simple_publisher
[5.066s] -- Up-to-date: /home/thanh/bumperbot_ws/install/bumperbot_cpp_example/lib/bumperbot_cpp_example/simple_subscriber
[5.066s] -- Up-to-date: /home/thanh/bumperbot_ws/install/bumperbot_cpp_example/lib/bumperbot_cpp_example/simple_parameter
[5.066s] -- Installing: /home/thanh/bumperbot_ws/install/bumperbot_cpp_example/lib/bumperbot_cpp_example/simple_turtlesim_kinematics
[5.071s] -- Set runtime path of "/home/thanh/bumperbot_ws/install/bumperbot_cpp_example/lib/bumperbot_cpp_example/simple_turtlesim_kinematics" to ""
[5.071s] -- Up-to-date: /home/thanh/bumperbot_ws/install/bumperbot_cpp_example/share/ament_index/resource_index/package_run_dependencies/bumperbot_cpp_example
[5.071s] -- Up-to-date: /home/thanh/bumperbot_ws/install/bumperbot_cpp_example/share/ament_index/resource_index/parent_prefix_path/bumperbot_cpp_example
[5.071s] -- Up-to-date: /home/thanh/bumperbot_ws/install/bumperbot_cpp_example/share/bumperbot_cpp_example/environment/ament_prefix_path.sh
[5.071s] -- Up-to-date: /home/thanh/bumperbot_ws/install/bumperbot_cpp_example/share/bumperbot_cpp_example/environment/ament_prefix_path.dsv
[5.072s] -- Up-to-date: /home/thanh/bumperbot_ws/install/bumperbot_cpp_example/share/bumperbot_cpp_example/environment/path.sh
[5.072s] -- Up-to-date: /home/thanh/bumperbot_ws/install/bumperbot_cpp_example/share/bumperbot_cpp_example/environment/path.dsv
[5.072s] -- Up-to-date: /home/thanh/bumperbot_ws/install/bumperbot_cpp_example/share/bumperbot_cpp_example/local_setup.bash
[5.072s] -- Up-to-date: /home/thanh/bumperbot_ws/install/bumperbot_cpp_example/share/bumperbot_cpp_example/local_setup.sh
[5.072s] -- Up-to-date: /home/thanh/bumperbot_ws/install/bumperbot_cpp_example/share/bumperbot_cpp_example/local_setup.zsh
[5.072s] -- Up-to-date: /home/thanh/bumperbot_ws/install/bumperbot_cpp_example/share/bumperbot_cpp_example/local_setup.dsv
[5.072s] -- Installing: /home/thanh/bumperbot_ws/install/bumperbot_cpp_example/share/bumperbot_cpp_example/package.dsv
[5.072s] -- Up-to-date: /home/thanh/bumperbot_ws/install/bumperbot_cpp_example/share/ament_index/resource_index/packages/bumperbot_cpp_example
[5.072s] -- Up-to-date: /home/thanh/bumperbot_ws/install/bumperbot_cpp_example/share/bumperbot_cpp_example/cmake/bumperbot_cpp_exampleConfig.cmake
[5.072s] -- Up-to-date: /home/thanh/bumperbot_ws/install/bumperbot_cpp_example/share/bumperbot_cpp_example/cmake/bumperbot_cpp_exampleConfig-version.cmake
[5.072s] -- Up-to-date: /home/thanh/bumperbot_ws/install/bumperbot_cpp_example/share/bumperbot_cpp_example/package.xml
[5.074s] Invoked command in '/home/thanh/bumperbot_ws/build/bumperbot_cpp_example' returned '0': CMAKE_PREFIX_PATH=/opt/ros/humble /usr/bin/cmake --install /home/thanh/bumperbot_ws/build/bumperbot_cpp_example
