[0.012s] Invoking command in '/home/thanh/bumperbot_ws/build/bumperbot_controller': CMAKE_PREFIX_PATH=/opt/ros/humble /usr/bin/cmake --build /home/thanh/bumperbot_ws/build/bumperbot_controller -- -j16 -l16
[0.190s] Invoked command in '/home/thanh/bumperbot_ws/build/bumperbot_controller' returned '0': CMAKE_PREFIX_PATH=/opt/ros/humble /usr/bin/cmake --build /home/thanh/bumperbot_ws/build/bumperbot_controller -- -j16 -l16
[0.197s] Invoking command in '/home/thanh/bumperbot_ws/build/bumperbot_controller': CMAKE_PREFIX_PATH=/opt/ros/humble /usr/bin/cmake --install /home/thanh/bumperbot_ws/build/bumperbot_controller
[0.203s] -- Install configuration: ""
[0.204s] -- Up-to-date: /home/thanh/bumperbot_ws/install/bumperbot_controller/share/bumperbot_controller/config
[0.204s] -- Up-to-date: /home/thanh/bumperbot_ws/install/bumperbot_controller/share/bumperbot_controller/config/bumperbot_controllers.yaml
[0.204s] -- Up-to-date: /home/thanh/bumperbot_ws/install/bumperbot_controller/share/bumperbot_controller/launch
[0.204s] -- Up-to-date: /home/thanh/bumperbot_ws/install/bumperbot_controller/share/bumperbot_controller/launch/controller.launch.py
[0.204s] -- Up-to-date: /home/thanh/bumperbot_ws/install/bumperbot_controller/share/ament_index/resource_index/package_run_dependencies/bumperbot_controller
[0.204s] -- Up-to-date: /home/thanh/bumperbot_ws/install/bumperbot_controller/share/ament_index/resource_index/parent_prefix_path/bumperbot_controller
[0.204s] -- Up-to-date: /home/thanh/bumperbot_ws/install/bumperbot_controller/share/bumperbot_controller/environment/ament_prefix_path.sh
[0.204s] -- Up-to-date: /home/thanh/bumperbot_ws/install/bumperbot_controller/share/bumperbot_controller/environment/ament_prefix_path.dsv
[0.205s] -- Up-to-date: /home/thanh/bumperbot_ws/install/bumperbot_controller/share/bumperbot_controller/environment/path.sh
[0.205s] -- Up-to-date: /home/thanh/bumperbot_ws/install/bumperbot_controller/share/bumperbot_controller/environment/path.dsv
[0.205s] -- Up-to-date: /home/thanh/bumperbot_ws/install/bumperbot_controller/share/bumperbot_controller/local_setup.bash
[0.206s] -- Up-to-date: /home/thanh/bumperbot_ws/install/bumperbot_controller/share/bumperbot_controller/local_setup.sh
[0.206s] -- Up-to-date: /home/thanh/bumperbot_ws/install/bumperbot_controller/share/bumperbot_controller/local_setup.zsh
[0.207s] -- Up-to-date: /home/thanh/bumperbot_ws/install/bumperbot_controller/share/bumperbot_controller/local_setup.dsv
[0.208s] -- Installing: /home/thanh/bumperbot_ws/install/bumperbot_controller/share/bumperbot_controller/package.dsv
[0.209s] -- Up-to-date: /home/thanh/bumperbot_ws/install/bumperbot_controller/share/ament_index/resource_index/packages/bumperbot_controller
[0.209s] -- Up-to-date: /home/thanh/bumperbot_ws/install/bumperbot_controller/share/bumperbot_controller/cmake/bumperbot_controllerConfig.cmake
[0.209s] -- Up-to-date: /home/thanh/bumperbot_ws/install/bumperbot_controller/share/bumperbot_controller/cmake/bumperbot_controllerConfig-version.cmake
[0.209s] -- Up-to-date: /home/thanh/bumperbot_ws/install/bumperbot_controller/share/bumperbot_controller/package.xml
[0.219s] Invoked command in '/home/thanh/bumperbot_ws/build/bumperbot_controller' returned '0': CMAKE_PREFIX_PATH=/opt/ros/humble /usr/bin/cmake --install /home/thanh/bumperbot_ws/build/bumperbot_controller
