[0.011s] Invoking command in '/home/thanh/bumperbot_ws/build/bumperbot_controller': CMAKE_PREFIX_PATH=/opt/ros/humble /usr/bin/cmake --build /home/thanh/bumperbot_ws/build/bumperbot_controller -- -j16 -l16
[0.028s] -- Found ament_cmake: 1.3.12 (/opt/ros/humble/share/ament_cmake/cmake)
[0.119s] -- Found rclpy: 3.3.17 (/opt/ros/humble/share/rclpy/cmake)
[0.119s] -- Found std_msgs: 4.9.0 (/opt/ros/humble/share/std_msgs/cmake)
[0.133s] -- Found rosidl_generator_c: 3.1.7 (/opt/ros/humble/share/rosidl_generator_c/cmake)
[0.134s] -- Found rosidl_adapter: 3.1.7 (/opt/ros/humble/share/rosidl_adapter/cmake)
[0.138s] -- Found rosidl_generator_cpp: 3.1.7 (/opt/ros/humble/share/rosidl_generator_cpp/cmake)
[0.143s] -- Using all available rosidl_typesupport_c: rosidl_typesupport_fastrtps_c;rosidl_typesupport_introspection_c
[0.149s] -- Using all available rosidl_typesupport_cpp: rosidl_typesupport_fastrtps_cpp;rosidl_typesupport_introspection_cpp
[0.161s] -- Found geometry_msgs: 4.9.0 (/opt/ros/humble/share/geometry_msgs/cmake)
[0.203s] -- Found ament_lint_auto: 0.12.14 (/opt/ros/humble/share/ament_lint_auto/cmake)
[0.245s] -- Added test 'flake8' to check Python code syntax and style conventions
[0.245s] -- Added test 'lint_cmake' to check CMake code style
[0.245s] -- Added test 'pep257' to check Python code against some of the docstring style conventions in PEP 257
[0.246s] -- Added test 'xmllint' to check XML markup files
[0.246s] -- Configuring done
[0.249s] -- Generating done
[0.250s] -- Build files have been written to: /home/thanh/bumperbot_ws/build/bumperbot_controller
[0.278s] Built target ament_cmake_python_copy_bumperbot_controller
[0.413s] running egg_info
[0.414s] creating bumperbot_controller.egg-info
[0.414s] writing bumperbot_controller.egg-info/PKG-INFO
[0.414s] writing dependency_links to bumperbot_controller.egg-info/dependency_links.txt
[0.414s] writing top-level names to bumperbot_controller.egg-info/top_level.txt
[0.414s] writing manifest file 'bumperbot_controller.egg-info/SOURCES.txt'
[0.415s] reading manifest file 'bumperbot_controller.egg-info/SOURCES.txt'
[0.415s] writing manifest file 'bumperbot_controller.egg-info/SOURCES.txt'
[0.433s] Built target ament_cmake_python_build_bumperbot_controller_egg
[0.442s] Invoked command in '/home/thanh/bumperbot_ws/build/bumperbot_controller' returned '0': CMAKE_PREFIX_PATH=/opt/ros/humble /usr/bin/cmake --build /home/thanh/bumperbot_ws/build/bumperbot_controller -- -j16 -l16
[0.442s] Invoking command in '/home/thanh/bumperbot_ws/build/bumperbot_controller': CMAKE_PREFIX_PATH=/opt/ros/humble /usr/bin/cmake --install /home/thanh/bumperbot_ws/build/bumperbot_controller
[0.448s] -- Install configuration: ""
[0.448s] -- Installing: /home/thanh/bumperbot_ws/install/bumperbot_controller/share/bumperbot_controller/environment/pythonpath.sh
[0.448s] -- Installing: /home/thanh/bumperbot_ws/install/bumperbot_controller/share/bumperbot_controller/environment/pythonpath.dsv
[0.448s] -- Installing: /home/thanh/bumperbot_ws/install/bumperbot_controller/local/lib/python3.10/dist-packages/bumperbot_controller-0.0.0-py3.10.egg-info
[0.448s] -- Installing: /home/thanh/bumperbot_ws/install/bumperbot_controller/local/lib/python3.10/dist-packages/bumperbot_controller-0.0.0-py3.10.egg-info/top_level.txt
[0.448s] -- Installing: /home/thanh/bumperbot_ws/install/bumperbot_controller/local/lib/python3.10/dist-packages/bumperbot_controller-0.0.0-py3.10.egg-info/dependency_links.txt
[0.448s] -- Installing: /home/thanh/bumperbot_ws/install/bumperbot_controller/local/lib/python3.10/dist-packages/bumperbot_controller-0.0.0-py3.10.egg-info/SOURCES.txt
[0.448s] -- Installing: /home/thanh/bumperbot_ws/install/bumperbot_controller/local/lib/python3.10/dist-packages/bumperbot_controller-0.0.0-py3.10.egg-info/PKG-INFO
[0.448s] -- Installing: /home/thanh/bumperbot_ws/install/bumperbot_controller/local/lib/python3.10/dist-packages/bumperbot_controller
[0.448s] -- Installing: /home/thanh/bumperbot_ws/install/bumperbot_controller/local/lib/python3.10/dist-packages/bumperbot_controller/simple_controller.py
[0.448s] -- Installing: /home/thanh/bumperbot_ws/install/bumperbot_controller/local/lib/python3.10/dist-packages/bumperbot_controller/__init__.py
[0.472s] Listing '/home/thanh/bumperbot_ws/install/bumperbot_controller/local/lib/python3.10/dist-packages/bumperbot_controller'...
[0.472s] Compiling '/home/thanh/bumperbot_ws/install/bumperbot_controller/local/lib/python3.10/dist-packages/bumperbot_controller/__init__.py'...
[0.472s] Compiling '/home/thanh/bumperbot_ws/install/bumperbot_controller/local/lib/python3.10/dist-packages/bumperbot_controller/simple_controller.py'...
[0.475s] -- Up-to-date: /home/thanh/bumperbot_ws/install/bumperbot_controller/share/bumperbot_controller/config
[0.475s] -- Up-to-date: /home/thanh/bumperbot_ws/install/bumperbot_controller/share/bumperbot_controller/config/bumperbot_controllers.yaml
[0.475s] -- Up-to-date: /home/thanh/bumperbot_ws/install/bumperbot_controller/share/bumperbot_controller/launch
[0.475s] -- Up-to-date: /home/thanh/bumperbot_ws/install/bumperbot_controller/share/bumperbot_controller/launch/controller.launch.py
[0.475s] -- Installing: /home/thanh/bumperbot_ws/install/bumperbot_controller/lib/bumperbot_controller/simple_controller.py
[0.475s] -- Installing: /home/thanh/bumperbot_ws/install/bumperbot_controller/share/ament_index/resource_index/package_run_dependencies/bumperbot_controller
[0.475s] -- Up-to-date: /home/thanh/bumperbot_ws/install/bumperbot_controller/share/ament_index/resource_index/parent_prefix_path/bumperbot_controller
[0.475s] -- Up-to-date: /home/thanh/bumperbot_ws/install/bumperbot_controller/share/bumperbot_controller/environment/ament_prefix_path.sh
[0.475s] -- Installing: /home/thanh/bumperbot_ws/install/bumperbot_controller/share/bumperbot_controller/environment/ament_prefix_path.dsv
[0.475s] -- Up-to-date: /home/thanh/bumperbot_ws/install/bumperbot_controller/share/bumperbot_controller/environment/path.sh
[0.475s] -- Installing: /home/thanh/bumperbot_ws/install/bumperbot_controller/share/bumperbot_controller/environment/path.dsv
[0.475s] -- Up-to-date: /home/thanh/bumperbot_ws/install/bumperbot_controller/share/bumperbot_controller/local_setup.bash
[0.475s] -- Installing: /home/thanh/bumperbot_ws/install/bumperbot_controller/share/bumperbot_controller/local_setup.sh
[0.475s] -- Up-to-date: /home/thanh/bumperbot_ws/install/bumperbot_controller/share/bumperbot_controller/local_setup.zsh
[0.475s] -- Installing: /home/thanh/bumperbot_ws/install/bumperbot_controller/share/bumperbot_controller/local_setup.dsv
[0.475s] -- Installing: /home/thanh/bumperbot_ws/install/bumperbot_controller/share/bumperbot_controller/package.dsv
[0.475s] -- Up-to-date: /home/thanh/bumperbot_ws/install/bumperbot_controller/share/ament_index/resource_index/packages/bumperbot_controller
[0.476s] -- Up-to-date: /home/thanh/bumperbot_ws/install/bumperbot_controller/share/bumperbot_controller/cmake/bumperbot_controllerConfig.cmake
[0.476s] -- Up-to-date: /home/thanh/bumperbot_ws/install/bumperbot_controller/share/bumperbot_controller/cmake/bumperbot_controllerConfig-version.cmake
[0.476s] -- Installing: /home/thanh/bumperbot_ws/install/bumperbot_controller/share/bumperbot_controller/package.xml
[0.477s] Invoked command in '/home/thanh/bumperbot_ws/build/bumperbot_controller' returned '0': CMAKE_PREFIX_PATH=/opt/ros/humble /usr/bin/cmake --install /home/thanh/bumperbot_ws/build/bumperbot_controller
