[0.009s] Invoking command in '/home/thanh/bumperbot_ws/src/build/bumperbot_cpp_example': CMAKE_PREFIX_PATH=/opt/ros/humble /usr/bin/cmake --build /home/thanh/bumperbot_ws/src/build/bumperbot_cpp_example -- -j16 -l16
[0.034s] [35m[1mConsolidate compiler generated dependencies of target simple_parameter[0m
[0.034s] [35m[1mConsolidate compiler generated dependencies of target simple_subscriber[0m
[0.035s] [35m[1mConsolidate compiler generated dependencies of target simple_publisher[0m
[0.044s] [ 33%] Built target simple_parameter
[0.045s] [ 66%] Built target simple_subscriber
[0.049s] [100%] Built target simple_publisher
[0.178s] Invoked command in '/home/thanh/bumperbot_ws/src/build/bumperbot_cpp_example' returned '0': CMAKE_PREFIX_PATH=/opt/ros/humble /usr/bin/cmake --build /home/thanh/bumperbot_ws/src/build/bumperbot_cpp_example -- -j16 -l16
[0.179s] Invoking command in '/home/thanh/bumperbot_ws/src/build/bumperbot_cpp_example': CMAKE_PREFIX_PATH=/opt/ros/humble /usr/bin/cmake --install /home/thanh/bumperbot_ws/src/build/bumperbot_cpp_example
[0.183s] -- Install configuration: ""
[0.183s] -- Up-to-date: /home/thanh/bumperbot_ws/src/install/bumperbot_cpp_example/lib/bumperbot_cpp_example/simple_publisher
[0.183s] -- Up-to-date: /home/thanh/bumperbot_ws/src/install/bumperbot_cpp_example/lib/bumperbot_cpp_example/simple_subscriber
[0.184s] -- Up-to-date: /home/thanh/bumperbot_ws/src/install/bumperbot_cpp_example/lib/bumperbot_cpp_example/simple_parameter
[0.184s] -- Up-to-date: /home/thanh/bumperbot_ws/src/install/bumperbot_cpp_example/share/ament_index/resource_index/package_run_dependencies/bumperbot_cpp_example
[0.184s] -- Up-to-date: /home/thanh/bumperbot_ws/src/install/bumperbot_cpp_example/share/ament_index/resource_index/parent_prefix_path/bumperbot_cpp_example
[0.184s] -- Up-to-date: /home/thanh/bumperbot_ws/src/install/bumperbot_cpp_example/share/bumperbot_cpp_example/environment/ament_prefix_path.sh
[0.184s] -- Up-to-date: /home/thanh/bumperbot_ws/src/install/bumperbot_cpp_example/share/bumperbot_cpp_example/environment/ament_prefix_path.dsv
[0.184s] -- Up-to-date: /home/thanh/bumperbot_ws/src/install/bumperbot_cpp_example/share/bumperbot_cpp_example/environment/path.sh
[0.184s] -- Up-to-date: /home/thanh/bumperbot_ws/src/install/bumperbot_cpp_example/share/bumperbot_cpp_example/environment/path.dsv
[0.184s] -- Up-to-date: /home/thanh/bumperbot_ws/src/install/bumperbot_cpp_example/share/bumperbot_cpp_example/local_setup.bash
[0.184s] -- Up-to-date: /home/thanh/bumperbot_ws/src/install/bumperbot_cpp_example/share/bumperbot_cpp_example/local_setup.sh
[0.184s] -- Up-to-date: /home/thanh/bumperbot_ws/src/install/bumperbot_cpp_example/share/bumperbot_cpp_example/local_setup.zsh
[0.184s] -- Up-to-date: /home/thanh/bumperbot_ws/src/install/bumperbot_cpp_example/share/bumperbot_cpp_example/local_setup.dsv
[0.184s] -- Installing: /home/thanh/bumperbot_ws/src/install/bumperbot_cpp_example/share/bumperbot_cpp_example/package.dsv
[0.184s] -- Up-to-date: /home/thanh/bumperbot_ws/src/install/bumperbot_cpp_example/share/ament_index/resource_index/packages/bumperbot_cpp_example
[0.184s] -- Up-to-date: /home/thanh/bumperbot_ws/src/install/bumperbot_cpp_example/share/bumperbot_cpp_example/cmake/bumperbot_cpp_exampleConfig.cmake
[0.184s] -- Up-to-date: /home/thanh/bumperbot_ws/src/install/bumperbot_cpp_example/share/bumperbot_cpp_example/cmake/bumperbot_cpp_exampleConfig-version.cmake
[0.184s] -- Up-to-date: /home/thanh/bumperbot_ws/src/install/bumperbot_cpp_example/share/bumperbot_cpp_example/package.xml
[0.200s] Invoked command in '/home/thanh/bumperbot_ws/src/build/bumperbot_cpp_example' returned '0': CMAKE_PREFIX_PATH=/opt/ros/humble /usr/bin/cmake --install /home/thanh/bumperbot_ws/src/build/bumperbot_cpp_example
