[0.012s] Invoking command in '/home/thanh/bumperbot_ws/build/bumperbot_cpp_example': CMAKE_PREFIX_PATH=/opt/ros/humble /usr/bin/cmake --build /home/thanh/bumperbot_ws/build/bumperbot_cpp_example -- -j16 -l16
[0.039s] [35m[1mConsolidate compiler generated dependencies of target simple_publisher[0m
[0.039s] [35m[1mConsolidate compiler generated dependencies of target simple_subscriber[0m
[0.039s] [35m[1mConsolidate compiler generated dependencies of target simple_parameter[0m
[0.052s] [ 33%] Built target simple_subscriber
[0.053s] [ 66%] Built target simple_publisher
[0.054s] [100%] Built target simple_parameter
[0.193s] Invoked command in '/home/thanh/bumperbot_ws/build/bumperbot_cpp_example' returned '0': CMAKE_PREFIX_PATH=/opt/ros/humble /usr/bin/cmake --build /home/thanh/bumperbot_ws/build/bumperbot_cpp_example -- -j16 -l16
[0.194s] Invoking command in '/home/thanh/bumperbot_ws/build/bumperbot_cpp_example': CMAKE_PREFIX_PATH=/opt/ros/humble /usr/bin/cmake --install /home/thanh/bumperbot_ws/build/bumperbot_cpp_example
[0.202s] -- Install configuration: ""
[0.202s] -- Up-to-date: /home/thanh/bumperbot_ws/install/bumperbot_cpp_example/lib/bumperbot_cpp_example/simple_publisher
[0.202s] -- Up-to-date: /home/thanh/bumperbot_ws/install/bumperbot_cpp_example/lib/bumperbot_cpp_example/simple_subscriber
[0.202s] -- Up-to-date: /home/thanh/bumperbot_ws/install/bumperbot_cpp_example/lib/bumperbot_cpp_example/simple_parameter
[0.202s] -- Up-to-date: /home/thanh/bumperbot_ws/install/bumperbot_cpp_example/share/ament_index/resource_index/package_run_dependencies/bumperbot_cpp_example
[0.202s] -- Up-to-date: /home/thanh/bumperbot_ws/install/bumperbot_cpp_example/share/ament_index/resource_index/parent_prefix_path/bumperbot_cpp_example
[0.202s] -- Up-to-date: /home/thanh/bumperbot_ws/install/bumperbot_cpp_example/share/bumperbot_cpp_example/environment/ament_prefix_path.sh
[0.202s] -- Up-to-date: /home/thanh/bumperbot_ws/install/bumperbot_cpp_example/share/bumperbot_cpp_example/environment/ament_prefix_path.dsv
[0.202s] -- Up-to-date: /home/thanh/bumperbot_ws/install/bumperbot_cpp_example/share/bumperbot_cpp_example/environment/path.sh
[0.202s] -- Up-to-date: /home/thanh/bumperbot_ws/install/bumperbot_cpp_example/share/bumperbot_cpp_example/environment/path.dsv
[0.202s] -- Up-to-date: /home/thanh/bumperbot_ws/install/bumperbot_cpp_example/share/bumperbot_cpp_example/local_setup.bash
[0.203s] -- Up-to-date: /home/thanh/bumperbot_ws/install/bumperbot_cpp_example/share/bumperbot_cpp_example/local_setup.sh
[0.203s] -- Up-to-date: /home/thanh/bumperbot_ws/install/bumperbot_cpp_example/share/bumperbot_cpp_example/local_setup.zsh
[0.203s] -- Up-to-date: /home/thanh/bumperbot_ws/install/bumperbot_cpp_example/share/bumperbot_cpp_example/local_setup.dsv
[0.203s] -- Installing: /home/thanh/bumperbot_ws/install/bumperbot_cpp_example/share/bumperbot_cpp_example/package.dsv
[0.203s] -- Up-to-date: /home/thanh/bumperbot_ws/install/bumperbot_cpp_example/share/ament_index/resource_index/packages/bumperbot_cpp_example
[0.203s] -- Up-to-date: /home/thanh/bumperbot_ws/install/bumperbot_cpp_example/share/bumperbot_cpp_example/cmake/bumperbot_cpp_exampleConfig.cmake
[0.203s] -- Up-to-date: /home/thanh/bumperbot_ws/install/bumperbot_cpp_example/share/bumperbot_cpp_example/cmake/bumperbot_cpp_exampleConfig-version.cmake
[0.203s] -- Up-to-date: /home/thanh/bumperbot_ws/install/bumperbot_cpp_example/share/bumperbot_cpp_example/package.xml
[0.220s] Invoked command in '/home/thanh/bumperbot_ws/build/bumperbot_cpp_example' returned '0': CMAKE_PREFIX_PATH=/opt/ros/humble /usr/bin/cmake --install /home/thanh/bumperbot_ws/build/bumperbot_cpp_example
