-- The C compiler identification is GNU 11.4.0
-- The CXX compiler identification is GNU 11.4.0
-- Detecting C compiler ABI info
-- Detecting C compiler ABI info - done
-- Check for working C compiler: /usr/bin/cc - skipped
-- Detecting C compile features
-- Detecting C compile features - done
-- Detecting CXX compiler ABI info
-- Detecting CXX compiler ABI info - done
-- Check for working CXX compiler: /usr/bin/c++ - skipped
-- Detecting CXX compile features
-- Detecting CXX compile features - done
-- Found ament_cmake: 1.3.12 (/opt/ros/humble/share/ament_cmake/cmake)
-- Found Python3: /usr/bin/python3 (found version "3.10.12") found components: Interpreter 
-- Found rclcpp: 16.0.15 (/opt/ros/humble/share/rclcpp/cmake)
-- Found rosidl_generator_c: 3.1.7 (/opt/ros/humble/share/rosidl_generator_c/cmake)
-- Found rosidl_adapter: 3.1.7 (/opt/ros/humble/share/rosidl_adapter/cmake)
-- Found rosidl_generator_cpp: 3.1.7 (/opt/ros/humble/share/rosidl_generator_cpp/cmake)
-- Using all available rosidl_typesupport_c: rosidl_typesupport_fastrtps_c;rosidl_typesupport_introspection_c
-- Using all available rosidl_typesupport_cpp: rosidl_typesupport_fastrtps_cpp;rosidl_typesupport_introspection_cpp
-- Found rmw_implementation_cmake: 6.1.2 (/opt/ros/humble/share/rmw_implementation_cmake/cmake)
-- Found rmw_fastrtps_cpp: 6.2.9 (/opt/ros/humble/share/rmw_fastrtps_cpp/cmake)
-- Found OpenSSL: /usr/lib/x86_64-linux-gnu/libcrypto.so (found version "3.0.2")  
-- Found FastRTPS: /opt/ros/humble/include  
-- Using RMW implementation 'rmw_fastrtps_cpp' as default
-- Looking for pthread.h
-- Looking for pthread.h - found
-- Performing Test CMAKE_HAVE_LIBC_PTHREAD
-- Performing Test CMAKE_HAVE_LIBC_PTHREAD - Success
-- Found Threads: TRUE  
-- Found ament_lint_auto: 0.12.14 (/opt/ros/humble/share/ament_lint_auto/cmake)
-- Added test 'cppcheck' to perform static code analysis on C / C++ code
-- Configured cppcheck include dirs: 
-- Configured cppcheck exclude dirs and/or files: 
-- Added test 'lint_cmake' to check CMake code style
-- Added test 'uncrustify' to check C / C++ code style
-- Configured uncrustify additional arguments: 
-- Added test 'xmllint' to check XML markup files
-- Configuring done
-- Generating done
-- Build files have been written to: /home/thanh/bumperbot_ws/src/build/bumperbot_cpp_example
[ 16%] [32mBuilding CXX object CMakeFiles/simple_subscriber.dir/src/simple_subscriber.cpp.o[0m
[ 33%] [32mBuilding CXX object CMakeFiles/simple_parameter.dir/src/simple_parameter.cpp.o[0m
[ 50%] [32mBuilding CXX object CMakeFiles/simple_publisher.dir/src/simple_publisher.cpp.o[0m
[ 66%] [32m[1mLinking CXX executable simple_parameter[0m
[ 66%] Built target simple_parameter
[ 83%] [32m[1mLinking CXX executable simple_publisher[0m
[ 83%] Built target simple_publisher
[100%] [32m[1mLinking CXX executable simple_subscriber[0m
[100%] Built target simple_subscriber
-- Install configuration: ""
-- Installing: /home/thanh/bumperbot_ws/src/install/bumperbot_cpp_example/lib/bumperbot_cpp_example/simple_publisher
-- Set runtime path of "/home/thanh/bumperbot_ws/src/install/bumperbot_cpp_example/lib/bumperbot_cpp_example/simple_publisher" to ""
-- Installing: /home/thanh/bumperbot_ws/src/install/bumperbot_cpp_example/lib/bumperbot_cpp_example/simple_subscriber
-- Set runtime path of "/home/thanh/bumperbot_ws/src/install/bumperbot_cpp_example/lib/bumperbot_cpp_example/simple_subscriber" to ""
-- Installing: /home/thanh/bumperbot_ws/src/install/bumperbot_cpp_example/lib/bumperbot_cpp_example/simple_parameter
-- Set runtime path of "/home/thanh/bumperbot_ws/src/install/bumperbot_cpp_example/lib/bumperbot_cpp_example/simple_parameter" to ""
-- Installing: /home/thanh/bumperbot_ws/src/install/bumperbot_cpp_example/share/ament_index/resource_index/package_run_dependencies/bumperbot_cpp_example
-- Installing: /home/thanh/bumperbot_ws/src/install/bumperbot_cpp_example/share/ament_index/resource_index/parent_prefix_path/bumperbot_cpp_example
-- Installing: /home/thanh/bumperbot_ws/src/install/bumperbot_cpp_example/share/bumperbot_cpp_example/environment/ament_prefix_path.sh
-- Installing: /home/thanh/bumperbot_ws/src/install/bumperbot_cpp_example/share/bumperbot_cpp_example/environment/ament_prefix_path.dsv
-- Installing: /home/thanh/bumperbot_ws/src/install/bumperbot_cpp_example/share/bumperbot_cpp_example/environment/path.sh
-- Installing: /home/thanh/bumperbot_ws/src/install/bumperbot_cpp_example/share/bumperbot_cpp_example/environment/path.dsv
-- Installing: /home/thanh/bumperbot_ws/src/install/bumperbot_cpp_example/share/bumperbot_cpp_example/local_setup.bash
-- Installing: /home/thanh/bumperbot_ws/src/install/bumperbot_cpp_example/share/bumperbot_cpp_example/local_setup.sh
-- Installing: /home/thanh/bumperbot_ws/src/install/bumperbot_cpp_example/share/bumperbot_cpp_example/local_setup.zsh
-- Installing: /home/thanh/bumperbot_ws/src/install/bumperbot_cpp_example/share/bumperbot_cpp_example/local_setup.dsv
-- Installing: /home/thanh/bumperbot_ws/src/install/bumperbot_cpp_example/share/bumperbot_cpp_example/package.dsv
-- Installing: /home/thanh/bumperbot_ws/src/install/bumperbot_cpp_example/share/ament_index/resource_index/packages/bumperbot_cpp_example
-- Installing: /home/thanh/bumperbot_ws/src/install/bumperbot_cpp_example/share/bumperbot_cpp_example/cmake/bumperbot_cpp_exampleConfig.cmake
-- Installing: /home/thanh/bumperbot_ws/src/install/bumperbot_cpp_example/share/bumperbot_cpp_example/cmake/bumperbot_cpp_exampleConfig-version.cmake
-- Installing: /home/thanh/bumperbot_ws/src/install/bumperbot_cpp_example/share/bumperbot_cpp_example/package.xml
