[0.009s] Invoking command in '/home/thanh/bumperbot_ws/src/build/bumperbot_cpp_example': CMAKE_PREFIX_PATH=/opt/ros/humble /usr/bin/cmake /home/thanh/bumperbot_ws/src/bumperbot_cpp_example -DCMAKE_INSTALL_PREFIX=/home/thanh/bumperbot_ws/src/install/bumperbot_cpp_example
[0.046s] -- The C compiler identification is GNU 11.4.0
[0.086s] -- The CXX compiler identification is GNU 11.4.0
[0.091s] -- Detecting C compiler ABI info
[0.136s] -- Detecting C compiler ABI info - done
[0.140s] -- Check for working C compiler: /usr/bin/cc - skipped
[0.140s] -- Detecting C compile features
[0.140s] -- Detecting C compile features - done
[0.142s] -- Detecting CXX compiler ABI info
[0.197s] -- Detecting CXX compiler ABI info - done
[0.202s] -- Check for working CXX compiler: /usr/bin/c++ - skipped
[0.202s] -- Detecting CXX compile features
[0.202s] -- Detecting CXX compile features - done
[0.203s] -- Found ament_cmake: 1.3.12 (/opt/ros/humble/share/ament_cmake/cmake)
[0.306s] -- Found Python3: /usr/bin/python3 (found version "3.10.12") found components: Interpreter 
[0.365s] -- Found rclcpp: 16.0.15 (/opt/ros/humble/share/rclcpp/cmake)
[0.390s] -- Found rosidl_generator_c: 3.1.7 (/opt/ros/humble/share/rosidl_generator_c/cmake)
[0.393s] -- Found rosidl_adapter: 3.1.7 (/opt/ros/humble/share/rosidl_adapter/cmake)
[0.398s] -- Found rosidl_generator_cpp: 3.1.7 (/opt/ros/humble/share/rosidl_generator_cpp/cmake)
[0.405s] -- Using all available rosidl_typesupport_c: rosidl_typesupport_fastrtps_c;rosidl_typesupport_introspection_c
[0.419s] -- Using all available rosidl_typesupport_cpp: rosidl_typesupport_fastrtps_cpp;rosidl_typesupport_introspection_cpp
[0.452s] -- Found rmw_implementation_cmake: 6.1.2 (/opt/ros/humble/share/rmw_implementation_cmake/cmake)
[0.455s] -- Found rmw_fastrtps_cpp: 6.2.9 (/opt/ros/humble/share/rmw_fastrtps_cpp/cmake)
[0.514s] -- Found OpenSSL: /usr/lib/x86_64-linux-gnu/libcrypto.so (found version "3.0.2")  
[0.533s] -- Found FastRTPS: /opt/ros/humble/include  
[0.561s] -- Using RMW implementation 'rmw_fastrtps_cpp' as default
[0.566s] -- Looking for pthread.h
[0.618s] -- Looking for pthread.h - found
[0.618s] -- Performing Test CMAKE_HAVE_LIBC_PTHREAD
[0.703s] -- Performing Test CMAKE_HAVE_LIBC_PTHREAD - Success
[0.704s] -- Found Threads: TRUE  
[0.738s] -- Found ament_lint_auto: 0.12.14 (/opt/ros/humble/share/ament_lint_auto/cmake)
[0.785s] -- Added test 'cppcheck' to perform static code analysis on C / C++ code
[0.786s] -- Configured cppcheck include dirs: 
[0.786s] -- Configured cppcheck exclude dirs and/or files: 
[0.786s] -- Added test 'lint_cmake' to check CMake code style
[0.786s] -- Added test 'uncrustify' to check C / C++ code style
[0.786s] -- Configured uncrustify additional arguments: 
[0.786s] -- Added test 'xmllint' to check XML markup files
[0.787s] -- Configuring done
[0.796s] -- Generating done
[0.799s] -- Build files have been written to: /home/thanh/bumperbot_ws/src/build/bumperbot_cpp_example
[0.806s] Invoked command in '/home/thanh/bumperbot_ws/src/build/bumperbot_cpp_example' returned '0': CMAKE_PREFIX_PATH=/opt/ros/humble /usr/bin/cmake /home/thanh/bumperbot_ws/src/bumperbot_cpp_example -DCMAKE_INSTALL_PREFIX=/home/thanh/bumperbot_ws/src/install/bumperbot_cpp_example
[0.807s] Invoking command in '/home/thanh/bumperbot_ws/src/build/bumperbot_cpp_example': CMAKE_PREFIX_PATH=/opt/ros/humble /usr/bin/cmake --build /home/thanh/bumperbot_ws/src/build/bumperbot_cpp_example -- -j16 -l16
[0.856s] [ 16%] [32mBuilding CXX object CMakeFiles/simple_subscriber.dir/src/simple_subscriber.cpp.o[0m
[0.856s] [ 33%] [32mBuilding CXX object CMakeFiles/simple_parameter.dir/src/simple_parameter.cpp.o[0m
[0.857s] [ 50%] [32mBuilding CXX object CMakeFiles/simple_publisher.dir/src/simple_publisher.cpp.o[0m
[2.657s] [ 66%] [32m[1mLinking CXX executable simple_parameter[0m
[2.736s] [ 66%] Built target simple_parameter
[3.501s] [ 83%] [32m[1mLinking CXX executable simple_publisher[0m
[3.614s] [ 83%] Built target simple_publisher
[5.763s] [100%] [32m[1mLinking CXX executable simple_subscriber[0m
[5.995s] [100%] Built target simple_subscriber
[6.002s] Invoked command in '/home/thanh/bumperbot_ws/src/build/bumperbot_cpp_example' returned '0': CMAKE_PREFIX_PATH=/opt/ros/humble /usr/bin/cmake --build /home/thanh/bumperbot_ws/src/build/bumperbot_cpp_example -- -j16 -l16
[6.003s] Invoking command in '/home/thanh/bumperbot_ws/src/build/bumperbot_cpp_example': CMAKE_PREFIX_PATH=/opt/ros/humble /usr/bin/cmake --install /home/thanh/bumperbot_ws/src/build/bumperbot_cpp_example
[6.009s] -- Install configuration: ""
[6.009s] -- Installing: /home/thanh/bumperbot_ws/src/install/bumperbot_cpp_example/lib/bumperbot_cpp_example/simple_publisher
[6.011s] -- Set runtime path of "/home/thanh/bumperbot_ws/src/install/bumperbot_cpp_example/lib/bumperbot_cpp_example/simple_publisher" to ""
[6.011s] -- Installing: /home/thanh/bumperbot_ws/src/install/bumperbot_cpp_example/lib/bumperbot_cpp_example/simple_subscriber
[6.014s] -- Set runtime path of "/home/thanh/bumperbot_ws/src/install/bumperbot_cpp_example/lib/bumperbot_cpp_example/simple_subscriber" to ""
[6.014s] -- Installing: /home/thanh/bumperbot_ws/src/install/bumperbot_cpp_example/lib/bumperbot_cpp_example/simple_parameter
[6.015s] -- Set runtime path of "/home/thanh/bumperbot_ws/src/install/bumperbot_cpp_example/lib/bumperbot_cpp_example/simple_parameter" to ""
[6.015s] -- Installing: /home/thanh/bumperbot_ws/src/install/bumperbot_cpp_example/share/ament_index/resource_index/package_run_dependencies/bumperbot_cpp_example
[6.015s] -- Installing: /home/thanh/bumperbot_ws/src/install/bumperbot_cpp_example/share/ament_index/resource_index/parent_prefix_path/bumperbot_cpp_example
[6.015s] -- Installing: /home/thanh/bumperbot_ws/src/install/bumperbot_cpp_example/share/bumperbot_cpp_example/environment/ament_prefix_path.sh
[6.015s] -- Installing: /home/thanh/bumperbot_ws/src/install/bumperbot_cpp_example/share/bumperbot_cpp_example/environment/ament_prefix_path.dsv
[6.015s] -- Installing: /home/thanh/bumperbot_ws/src/install/bumperbot_cpp_example/share/bumperbot_cpp_example/environment/path.sh
[6.016s] -- Installing: /home/thanh/bumperbot_ws/src/install/bumperbot_cpp_example/share/bumperbot_cpp_example/environment/path.dsv
[6.016s] -- Installing: /home/thanh/bumperbot_ws/src/install/bumperbot_cpp_example/share/bumperbot_cpp_example/local_setup.bash
[6.016s] -- Installing: /home/thanh/bumperbot_ws/src/install/bumperbot_cpp_example/share/bumperbot_cpp_example/local_setup.sh
[6.016s] -- Installing: /home/thanh/bumperbot_ws/src/install/bumperbot_cpp_example/share/bumperbot_cpp_example/local_setup.zsh
[6.016s] -- Installing: /home/thanh/bumperbot_ws/src/install/bumperbot_cpp_example/share/bumperbot_cpp_example/local_setup.dsv
[6.016s] -- Installing: /home/thanh/bumperbot_ws/src/install/bumperbot_cpp_example/share/bumperbot_cpp_example/package.dsv
[6.016s] -- Installing: /home/thanh/bumperbot_ws/src/install/bumperbot_cpp_example/share/ament_index/resource_index/packages/bumperbot_cpp_example
[6.016s] -- Installing: /home/thanh/bumperbot_ws/src/install/bumperbot_cpp_example/share/bumperbot_cpp_example/cmake/bumperbot_cpp_exampleConfig.cmake
[6.016s] -- Installing: /home/thanh/bumperbot_ws/src/install/bumperbot_cpp_example/share/bumperbot_cpp_example/cmake/bumperbot_cpp_exampleConfig-version.cmake
[6.016s] -- Installing: /home/thanh/bumperbot_ws/src/install/bumperbot_cpp_example/share/bumperbot_cpp_example/package.xml
[6.019s] Invoked command in '/home/thanh/bumperbot_ws/src/build/bumperbot_cpp_example' returned '0': CMAKE_PREFIX_PATH=/opt/ros/humble /usr/bin/cmake --install /home/thanh/bumperbot_ws/src/build/bumperbot_cpp_example
