[0.010s] Invoking command in '/home/thanh/bumperbot_ws/build/bumperbot_controller': CMAKE_PREFIX_PATH=/opt/ros/humble /usr/bin/cmake /home/thanh/bumperbot_ws/src/bumperbot_controller -DCMAKE_INSTALL_PREFIX=/home/thanh/bumperbot_ws/install/bumperbot_controller
[0.045s] -- The C compiler identification is GNU 11.4.0
[0.083s] -- The CXX compiler identification is GNU 11.4.0
[0.088s] -- Detecting C compiler ABI info
[0.128s] -- Detecting C compiler ABI info - done
[0.133s] -- Check for working C compiler: /usr/bin/cc - skipped
[0.133s] -- Detecting C compile features
[0.134s] -- Detecting C compile features - done
[0.136s] -- Detecting CXX compiler ABI info
[0.190s] -- Detecting CXX compiler ABI info - done
[0.194s] -- Check for working CXX compiler: /usr/bin/c++ - skipped
[0.194s] -- Detecting CXX compile features
[0.195s] -- Detecting CXX compile features - done
[0.196s] -- Found ament_cmake: 1.3.12 (/opt/ros/humble/share/ament_cmake/cmake)
[0.292s] -- Found Python3: /usr/bin/python3 (found version "3.10.12") found components: Interpreter 
[0.349s] -- Found ament_lint_auto: 0.12.14 (/opt/ros/humble/share/ament_lint_auto/cmake)
[0.397s] -- Added test 'flake8' to check Python code syntax and style conventions
[0.397s] -- Added test 'lint_cmake' to check CMake code style
[0.397s] -- Added test 'pep257' to check Python code against some of the docstring style conventions in PEP 257
[0.397s] -- Added test 'xmllint' to check XML markup files
[0.398s] -- Configuring done
[0.399s] -- Generating done
[0.400s] -- Build files have been written to: /home/thanh/bumperbot_ws/build/bumperbot_controller
[0.403s] Invoked command in '/home/thanh/bumperbot_ws/build/bumperbot_controller' returned '0': CMAKE_PREFIX_PATH=/opt/ros/humble /usr/bin/cmake /home/thanh/bumperbot_ws/src/bumperbot_controller -DCMAKE_INSTALL_PREFIX=/home/thanh/bumperbot_ws/install/bumperbot_controller
[0.404s] Invoking command in '/home/thanh/bumperbot_ws/build/bumperbot_controller': CMAKE_PREFIX_PATH=/opt/ros/humble /usr/bin/cmake --build /home/thanh/bumperbot_ws/build/bumperbot_controller -- -j16 -l16
[0.429s] Invoked command in '/home/thanh/bumperbot_ws/build/bumperbot_controller' returned '0': CMAKE_PREFIX_PATH=/opt/ros/humble /usr/bin/cmake --build /home/thanh/bumperbot_ws/build/bumperbot_controller -- -j16 -l16
[0.437s] Invoking command in '/home/thanh/bumperbot_ws/build/bumperbot_controller': CMAKE_PREFIX_PATH=/opt/ros/humble /usr/bin/cmake --install /home/thanh/bumperbot_ws/build/bumperbot_controller
[0.443s] -- Install configuration: ""
[0.443s] -- Installing: /home/thanh/bumperbot_ws/install/bumperbot_controller/share/bumperbot_controller/config
[0.443s] -- Installing: /home/thanh/bumperbot_ws/install/bumperbot_controller/share/bumperbot_controller/config/bumperbot_controllers.yaml
[0.443s] -- Installing: /home/thanh/bumperbot_ws/install/bumperbot_controller/share/bumperbot_controller/launch
[0.443s] -- Installing: /home/thanh/bumperbot_ws/install/bumperbot_controller/share/bumperbot_controller/launch/controller.launch.py
[0.443s] -- Installing: /home/thanh/bumperbot_ws/install/bumperbot_controller/share/ament_index/resource_index/package_run_dependencies/bumperbot_controller
[0.443s] -- Installing: /home/thanh/bumperbot_ws/install/bumperbot_controller/share/ament_index/resource_index/parent_prefix_path/bumperbot_controller
[0.443s] -- Installing: /home/thanh/bumperbot_ws/install/bumperbot_controller/share/bumperbot_controller/environment/ament_prefix_path.sh
[0.443s] -- Installing: /home/thanh/bumperbot_ws/install/bumperbot_controller/share/bumperbot_controller/environment/ament_prefix_path.dsv
[0.444s] -- Installing: /home/thanh/bumperbot_ws/install/bumperbot_controller/share/bumperbot_controller/environment/path.sh
[0.444s] -- Installing: /home/thanh/bumperbot_ws/install/bumperbot_controller/share/bumperbot_controller/environment/path.dsv
[0.444s] -- Installing: /home/thanh/bumperbot_ws/install/bumperbot_controller/share/bumperbot_controller/local_setup.bash
[0.444s] -- Installing: /home/thanh/bumperbot_ws/install/bumperbot_controller/share/bumperbot_controller/local_setup.sh
[0.444s] -- Installing: /home/thanh/bumperbot_ws/install/bumperbot_controller/share/bumperbot_controller/local_setup.zsh
[0.444s] -- Installing: /home/thanh/bumperbot_ws/install/bumperbot_controller/share/bumperbot_controller/local_setup.dsv
[0.444s] -- Installing: /home/thanh/bumperbot_ws/install/bumperbot_controller/share/bumperbot_controller/package.dsv
[0.444s] -- Installing: /home/thanh/bumperbot_ws/install/bumperbot_controller/share/ament_index/resource_index/packages/bumperbot_controller
[0.444s] -- Installing: /home/thanh/bumperbot_ws/install/bumperbot_controller/share/bumperbot_controller/cmake/bumperbot_controllerConfig.cmake
[0.444s] -- Installing: /home/thanh/bumperbot_ws/install/bumperbot_controller/share/bumperbot_controller/cmake/bumperbot_controllerConfig-version.cmake
[0.444s] -- Installing: /home/thanh/bumperbot_ws/install/bumperbot_controller/share/bumperbot_controller/package.xml
[0.445s] Invoked command in '/home/thanh/bumperbot_ws/build/bumperbot_controller' returned '0': CMAKE_PREFIX_PATH=/opt/ros/humble /usr/bin/cmake --install /home/thanh/bumperbot_ws/build/bumperbot_controller
