[0.009s] Invoking command in '/home/thanh/bumperbot_ws/src/build/bumperbot_description': CMAKE_PREFIX_PATH=/opt/ros/humble /usr/bin/cmake /home/thanh/bumperbot_ws/src/bumperbot_description -DCMAKE_INSTALL_PREFIX=/home/thanh/bumperbot_ws/src/install/bumperbot_description
[0.048s] -- The C compiler identification is GNU 11.4.0
[0.089s] -- The CXX compiler identification is GNU 11.4.0
[0.094s] -- Detecting C compiler ABI info
[0.136s] -- Detecting C compiler ABI info - done
[0.142s] -- Check for working C compiler: /usr/bin/cc - skipped
[0.142s] -- Detecting C compile features
[0.143s] -- Detecting C compile features - done
[0.144s] -- Detecting CXX compiler ABI info
[0.196s] -- Detecting CXX compiler ABI info - done
[0.200s] -- Check for working CXX compiler: /usr/bin/c++ - skipped
[0.201s] -- Detecting CXX compile features
[0.201s] -- Detecting CXX compile features - done
[0.202s] -- Found ament_cmake: 1.3.12 (/opt/ros/humble/share/ament_cmake/cmake)
[0.314s] -- Found Python3: /usr/bin/python3 (found version "3.10.12") found components: Interpreter 
[0.376s] -- Found ament_lint_auto: 0.12.14 (/opt/ros/humble/share/ament_lint_auto/cmake)
[0.458s] -- Added test 'flake8' to check Python code syntax and style conventions
[0.462s] -- Added test 'lint_cmake' to check CMake code style
[0.465s] -- Added test 'pep257' to check Python code against some of the docstring style conventions in PEP 257
[0.484s] -- Added test 'xmllint' to check XML markup files
[0.485s] -- Configuring done
[0.486s] -- Generating done
[0.487s] -- Build files have been written to: /home/thanh/bumperbot_ws/src/build/bumperbot_description
[0.490s] Invoked command in '/home/thanh/bumperbot_ws/src/build/bumperbot_description' returned '0': CMAKE_PREFIX_PATH=/opt/ros/humble /usr/bin/cmake /home/thanh/bumperbot_ws/src/bumperbot_description -DCMAKE_INSTALL_PREFIX=/home/thanh/bumperbot_ws/src/install/bumperbot_description
[0.491s] Invoking command in '/home/thanh/bumperbot_ws/src/build/bumperbot_description': CMAKE_PREFIX_PATH=/opt/ros/humble /usr/bin/cmake --build /home/thanh/bumperbot_ws/src/build/bumperbot_description -- -j16 -l16
[0.518s] Invoked command in '/home/thanh/bumperbot_ws/src/build/bumperbot_description' returned '0': CMAKE_PREFIX_PATH=/opt/ros/humble /usr/bin/cmake --build /home/thanh/bumperbot_ws/src/build/bumperbot_description -- -j16 -l16
[0.519s] Invoking command in '/home/thanh/bumperbot_ws/src/build/bumperbot_description': CMAKE_PREFIX_PATH=/opt/ros/humble /usr/bin/cmake --install /home/thanh/bumperbot_ws/src/build/bumperbot_description
[0.523s] -- Install configuration: ""
[0.523s] -- Installing: /home/thanh/bumperbot_ws/src/install/bumperbot_description/share/bumperbot_description/meshes
[0.523s] -- Installing: /home/thanh/bumperbot_ws/src/install/bumperbot_description/share/bumperbot_description/meshes/base_link.STL
[0.531s] -- Installing: /home/thanh/bumperbot_ws/src/install/bumperbot_description/share/bumperbot_description/meshes/caster_front_link.STL
[0.531s] -- Installing: /home/thanh/bumperbot_ws/src/install/bumperbot_description/share/bumperbot_description/meshes/caster_rear_link.STL
[0.531s] -- Installing: /home/thanh/bumperbot_ws/src/install/bumperbot_description/share/bumperbot_description/meshes/imu_link.STL
[0.531s] -- Installing: /home/thanh/bumperbot_ws/src/install/bumperbot_description/share/bumperbot_description/meshes/wheel_left_link.STL
[0.532s] -- Installing: /home/thanh/bumperbot_ws/src/install/bumperbot_description/share/bumperbot_description/meshes/wheel_right_link.STL
[0.532s] -- Installing: /home/thanh/bumperbot_ws/src/install/bumperbot_description/share/bumperbot_description/urdf
[0.532s] -- Installing: /home/thanh/bumperbot_ws/src/install/bumperbot_description/share/bumperbot_description/urdf/bumperbot.urdf.xacro
[0.532s] -- Installing: /home/thanh/bumperbot_ws/src/install/bumperbot_description/share/bumperbot_description/urdf/bumperbot_ros2_control.xacro
[0.532s] -- Installing: /home/thanh/bumperbot_ws/src/install/bumperbot_description/share/bumperbot_description/urdf/bumperbot_gazebo.xacro
[0.532s] -- Installing: /home/thanh/bumperbot_ws/src/install/bumperbot_description/share/bumperbot_description/launch
[0.532s] -- Installing: /home/thanh/bumperbot_ws/src/install/bumperbot_description/share/bumperbot_description/launch/gazebo.launch.py
[0.532s] -- Installing: /home/thanh/bumperbot_ws/src/install/bumperbot_description/share/bumperbot_description/launch/display.launch.py
[0.532s] -- Installing: /home/thanh/bumperbot_ws/src/install/bumperbot_description/share/bumperbot_description/rviz
[0.532s] -- Installing: /home/thanh/bumperbot_ws/src/install/bumperbot_description/share/bumperbot_description/rviz/display.rviz
[0.532s] -- Installing: /home/thanh/bumperbot_ws/src/install/bumperbot_description/share/ament_index/resource_index/package_run_dependencies/bumperbot_description
[0.532s] -- Installing: /home/thanh/bumperbot_ws/src/install/bumperbot_description/share/ament_index/resource_index/parent_prefix_path/bumperbot_description
[0.533s] -- Installing: /home/thanh/bumperbot_ws/src/install/bumperbot_description/share/bumperbot_description/environment/ament_prefix_path.sh
[0.533s] -- Installing: /home/thanh/bumperbot_ws/src/install/bumperbot_description/share/bumperbot_description/environment/ament_prefix_path.dsv
[0.533s] -- Installing: /home/thanh/bumperbot_ws/src/install/bumperbot_description/share/bumperbot_description/environment/path.sh
[0.533s] -- Installing: /home/thanh/bumperbot_ws/src/install/bumperbot_description/share/bumperbot_description/environment/path.dsv
[0.533s] -- Installing: /home/thanh/bumperbot_ws/src/install/bumperbot_description/share/bumperbot_description/local_setup.bash
[0.533s] -- Installing: /home/thanh/bumperbot_ws/src/install/bumperbot_description/share/bumperbot_description/local_setup.sh
[0.533s] -- Installing: /home/thanh/bumperbot_ws/src/install/bumperbot_description/share/bumperbot_description/local_setup.zsh
[0.533s] -- Installing: /home/thanh/bumperbot_ws/src/install/bumperbot_description/share/bumperbot_description/local_setup.dsv
[0.533s] -- Installing: /home/thanh/bumperbot_ws/src/install/bumperbot_description/share/bumperbot_description/package.dsv
[0.533s] -- Installing: /home/thanh/bumperbot_ws/src/install/bumperbot_description/share/ament_index/resource_index/packages/bumperbot_description
[0.533s] -- Installing: /home/thanh/bumperbot_ws/src/install/bumperbot_description/share/bumperbot_description/cmake/bumperbot_descriptionConfig.cmake
[0.533s] -- Installing: /home/thanh/bumperbot_ws/src/install/bumperbot_description/share/bumperbot_description/cmake/bumperbot_descriptionConfig-version.cmake
[0.533s] -- Installing: /home/thanh/bumperbot_ws/src/install/bumperbot_description/share/bumperbot_description/package.xml
[0.535s] Invoked command in '/home/thanh/bumperbot_ws/src/build/bumperbot_description' returned '0': CMAKE_PREFIX_PATH=/opt/ros/humble /usr/bin/cmake --install /home/thanh/bumperbot_ws/src/build/bumperbot_description
