[0.011s] Invoking command in '/home/thanh/bumperbot_ws/build/bumperbot_controller': CMAKE_PREFIX_PATH=/opt/ros/humble /usr/bin/cmake --build /home/thanh/bumperbot_ws/build/bumperbot_controller -- -j16 -l16
[0.026s] -- Found ament_cmake: 1.3.12 (/opt/ros/humble/share/ament_cmake/cmake)
[0.104s] -- Found rclpy: 3.3.17 (/opt/ros/humble/share/rclpy/cmake)
[0.104s] -- Found std_msgs: 4.9.0 (/opt/ros/humble/share/std_msgs/cmake)
[0.118s] -- Found rosidl_generator_c: 3.1.7 (/opt/ros/humble/share/rosidl_generator_c/cmake)
[0.119s] -- Found rosidl_adapter: 3.1.7 (/opt/ros/humble/share/rosidl_adapter/cmake)
[0.123s] -- Found rosidl_generator_cpp: 3.1.7 (/opt/ros/humble/share/rosidl_generator_cpp/cmake)
[0.128s] -- Using all available rosidl_typesupport_c: rosidl_typesupport_fastrtps_c;rosidl_typesupport_introspection_c
[0.134s] -- Using all available rosidl_typesupport_cpp: rosidl_typesupport_fastrtps_cpp;rosidl_typesupport_introspection_cpp
[0.146s] -- Found geometry_msgs: 4.9.0 (/opt/ros/humble/share/geometry_msgs/cmake)
[0.190s] [31mCMake Error at CMakeLists.txt:21 (install):
[0.190s]   install does not recognize sub-command PROGRAM
[0.190s] 
[0.190s] [0m
[0.190s] -- Found ament_lint_auto: 0.12.14 (/opt/ros/humble/share/ament_lint_auto/cmake)
[0.231s] -- Added test 'flake8' to check Python code syntax and style conventions
[0.232s] -- Added test 'lint_cmake' to check CMake code style
[0.232s] -- Added test 'pep257' to check Python code against some of the docstring style conventions in PEP 257
[0.232s] -- Added test 'xmllint' to check XML markup files
[0.233s] -- Configuring incomplete, errors occurred!
[0.233s] See also "/home/thanh/bumperbot_ws/build/bumperbot_controller/CMakeFiles/CMakeOutput.log".
[0.236s] gmake: *** [Makefile:226: cmake_check_build_system] Error 1
[0.237s] Invoked command in '/home/thanh/bumperbot_ws/build/bumperbot_controller' returned '2': CMAKE_PREFIX_PATH=/opt/ros/humble /usr/bin/cmake --build /home/thanh/bumperbot_ws/build/bumperbot_controller -- -j16 -l16
