[0.011s] Invoking command in '/home/thanh/bumperbot_ws/src/build/bumperbot_controller': CMAKE_PREFIX_PATH=/opt/ros/humble /usr/bin/cmake --build /home/thanh/bumperbot_ws/src/build/bumperbot_controller -- -j16 -l16
[0.026s] -- Found ament_cmake: 1.3.12 (/opt/ros/humble/share/ament_cmake/cmake)
[0.104s] -- Found ament_lint_auto: 0.12.14 (/opt/ros/humble/share/ament_lint_auto/cmake)
[0.144s] -- Added test 'flake8' to check Python code syntax and style conventions
[0.144s] -- Added test 'lint_cmake' to check CMake code style
[0.144s] -- Added test 'pep257' to check Python code against some of the docstring style conventions in PEP 257
[0.145s] -- Added test 'xmllint' to check XML markup files
[0.145s] -- Configuring done
[0.146s] -- Generating done
[0.147s] -- Build files have been written to: /home/thanh/bumperbot_ws/src/build/bumperbot_controller
[0.179s] Invoked command in '/home/thanh/bumperbot_ws/src/build/bumperbot_controller' returned '0': CMAKE_PREFIX_PATH=/opt/ros/humble /usr/bin/cmake --build /home/thanh/bumperbot_ws/src/build/bumperbot_controller -- -j16 -l16
[0.180s] Invoking command in '/home/thanh/bumperbot_ws/src/build/bumperbot_controller': CMAKE_PREFIX_PATH=/opt/ros/humble /usr/bin/cmake --install /home/thanh/bumperbot_ws/src/build/bumperbot_controller
[0.185s] -- Install configuration: ""
[0.185s] -- Up-to-date: /home/thanh/bumperbot_ws/src/install/bumperbot_controller/share/bumperbot_controller/config
[0.185s] -- Up-to-date: /home/thanh/bumperbot_ws/src/install/bumperbot_controller/share/bumperbot_controller/config/bumperbot_controllers.yaml
[0.186s] -- Up-to-date: /home/thanh/bumperbot_ws/src/install/bumperbot_controller/share/bumperbot_controller/launch
[0.186s] -- Installing: /home/thanh/bumperbot_ws/src/install/bumperbot_controller/share/bumperbot_controller/launch/controller.launch.py
[0.186s] -- Up-to-date: /home/thanh/bumperbot_ws/src/install/bumperbot_controller/share/ament_index/resource_index/package_run_dependencies/bumperbot_controller
[0.186s] -- Up-to-date: /home/thanh/bumperbot_ws/src/install/bumperbot_controller/share/ament_index/resource_index/parent_prefix_path/bumperbot_controller
[0.186s] -- Up-to-date: /home/thanh/bumperbot_ws/src/install/bumperbot_controller/share/bumperbot_controller/environment/ament_prefix_path.sh
[0.186s] -- Installing: /home/thanh/bumperbot_ws/src/install/bumperbot_controller/share/bumperbot_controller/environment/ament_prefix_path.dsv
[0.186s] -- Up-to-date: /home/thanh/bumperbot_ws/src/install/bumperbot_controller/share/bumperbot_controller/environment/path.sh
[0.186s] -- Installing: /home/thanh/bumperbot_ws/src/install/bumperbot_controller/share/bumperbot_controller/environment/path.dsv
[0.186s] -- Up-to-date: /home/thanh/bumperbot_ws/src/install/bumperbot_controller/share/bumperbot_controller/local_setup.bash
[0.186s] -- Up-to-date: /home/thanh/bumperbot_ws/src/install/bumperbot_controller/share/bumperbot_controller/local_setup.sh
[0.186s] -- Up-to-date: /home/thanh/bumperbot_ws/src/install/bumperbot_controller/share/bumperbot_controller/local_setup.zsh
[0.186s] -- Installing: /home/thanh/bumperbot_ws/src/install/bumperbot_controller/share/bumperbot_controller/local_setup.dsv
[0.186s] -- Installing: /home/thanh/bumperbot_ws/src/install/bumperbot_controller/share/bumperbot_controller/package.dsv
[0.186s] -- Up-to-date: /home/thanh/bumperbot_ws/src/install/bumperbot_controller/share/ament_index/resource_index/packages/bumperbot_controller
[0.186s] -- Up-to-date: /home/thanh/bumperbot_ws/src/install/bumperbot_controller/share/bumperbot_controller/cmake/bumperbot_controllerConfig.cmake
[0.186s] -- Up-to-date: /home/thanh/bumperbot_ws/src/install/bumperbot_controller/share/bumperbot_controller/cmake/bumperbot_controllerConfig-version.cmake
[0.186s] -- Up-to-date: /home/thanh/bumperbot_ws/src/install/bumperbot_controller/share/bumperbot_controller/package.xml
[0.197s] Invoked command in '/home/thanh/bumperbot_ws/src/build/bumperbot_controller' returned '0': CMAKE_PREFIX_PATH=/opt/ros/humble /usr/bin/cmake --install /home/thanh/bumperbot_ws/src/build/bumperbot_controller
