[0.011s] Invoking command in '/home/thanh/bumperbot_ws/build/bumperbot_cpp_example': CMAKE_PREFIX_PATH=/opt/ros/humble /usr/bin/cmake --build /home/thanh/bumperbot_ws/build/bumperbot_cpp_example -- -j16 -l16
[0.028s] -- Found ament_cmake: 1.3.12 (/opt/ros/humble/share/ament_cmake/cmake)
[0.113s] -- Found rclcpp: 16.0.15 (/opt/ros/humble/share/rclcpp/cmake)
[0.135s] -- Found rosidl_generator_c: 3.1.7 (/opt/ros/humble/share/rosidl_generator_c/cmake)
[0.137s] -- Found rosidl_adapter: 3.1.7 (/opt/ros/humble/share/rosidl_adapter/cmake)
[0.142s] -- Found rosidl_generator_cpp: 3.1.7 (/opt/ros/humble/share/rosidl_generator_cpp/cmake)
[0.149s] -- Using all available rosidl_typesupport_c: rosidl_typesupport_fastrtps_c;rosidl_typesupport_introspection_c
[0.158s] -- Using all available rosidl_typesupport_cpp: rosidl_typesupport_fastrtps_cpp;rosidl_typesupport_introspection_cpp
[0.181s] -- Found rmw_implementation_cmake: 6.1.2 (/opt/ros/humble/share/rmw_implementation_cmake/cmake)
[0.182s] -- Found rmw_fastrtps_cpp: 6.2.9 (/opt/ros/humble/share/rmw_fastrtps_cpp/cmake)
[0.258s] -- Using RMW implementation 'rmw_fastrtps_cpp' as default
[0.295s] -- Found turtlesim: 1.4.3 (/opt/ros/humble/share/turtlesim/cmake)
[0.321s] [31mCMake Error at CMakeLists.txt:29 (install):
[0.321s]   install TARGETS given target "simple_parameter" which does not exist.
[0.321s] 
[0.321s] [0m
[0.321s] -- Found ament_lint_auto: 0.12.14 (/opt/ros/humble/share/ament_lint_auto/cmake)
[0.371s] -- Added test 'cppcheck' to perform static code analysis on C / C++ code
[0.371s] -- Configured cppcheck include dirs: /home/thanh/bumperbot_ws/src/bumperbot_cpp_example/include
[0.371s] -- Configured cppcheck exclude dirs and/or files: 
[0.372s] -- Added test 'lint_cmake' to check CMake code style
[0.373s] -- Added test 'uncrustify' to check C / C++ code style
[0.373s] -- Configured uncrustify additional arguments: 
[0.373s] -- Added test 'xmllint' to check XML markup files
[0.374s] -- Configuring incomplete, errors occurred!
[0.374s] See also "/home/thanh/bumperbot_ws/build/bumperbot_cpp_example/CMakeFiles/CMakeOutput.log".
[0.380s] gmake: *** [Makefile:349: cmake_check_build_system] Error 1
[0.382s] Invoked command in '/home/thanh/bumperbot_ws/build/bumperbot_cpp_example' returned '2': CMAKE_PREFIX_PATH=/opt/ros/humble /usr/bin/cmake --build /home/thanh/bumperbot_ws/build/bumperbot_cpp_example -- -j16 -l16
