[0.012s] Invoking command in '/home/thanh/bumperbot_ws/build/bumperbot_controller': CMAKE_PREFIX_PATH=/opt/ros/humble /usr/bin/cmake --build /home/thanh/bumperbot_ws/build/bumperbot_controller -- -j16 -l16
[0.048s] [35m[1mConsolidate compiler generated dependencies of target simple_controller[0m
[0.060s] [  0%] Built target ament_cmake_python_copy_bumperbot_controller
[0.062s] [100%] Built target simple_controller
[0.216s] running egg_info
[0.216s] writing bumperbot_controller.egg-info/PKG-INFO
[0.216s] writing dependency_links to bumperbot_controller.egg-info/dependency_links.txt
[0.216s] writing top-level names to bumperbot_controller.egg-info/top_level.txt
[0.217s] reading manifest file 'bumperbot_controller.egg-info/SOURCES.txt'
[0.217s] writing manifest file 'bumperbot_controller.egg-info/SOURCES.txt'
[0.234s] [100%] Built target ament_cmake_python_build_bumperbot_controller_egg
[0.242s] Invoked command in '/home/thanh/bumperbot_ws/build/bumperbot_controller' returned '0': CMAKE_PREFIX_PATH=/opt/ros/humble /usr/bin/cmake --build /home/thanh/bumperbot_ws/build/bumperbot_controller -- -j16 -l16
[0.244s] Invoking command in '/home/thanh/bumperbot_ws/build/bumperbot_controller': CMAKE_PREFIX_PATH=/opt/ros/humble /usr/bin/cmake --install /home/thanh/bumperbot_ws/build/bumperbot_controller
[0.249s] -- Install configuration: ""
[0.249s] -- Up-to-date: /home/thanh/bumperbot_ws/install/bumperbot_controller/share/bumperbot_controller/environment/pythonpath.sh
[0.249s] -- Up-to-date: /home/thanh/bumperbot_ws/install/bumperbot_controller/share/bumperbot_controller/environment/pythonpath.dsv
[0.249s] -- Up-to-date: /home/thanh/bumperbot_ws/install/bumperbot_controller/local/lib/python3.10/dist-packages/bumperbot_controller-0.0.0-py3.10.egg-info
[0.249s] -- Installing: /home/thanh/bumperbot_ws/install/bumperbot_controller/local/lib/python3.10/dist-packages/bumperbot_controller-0.0.0-py3.10.egg-info/top_level.txt
[0.249s] -- Installing: /home/thanh/bumperbot_ws/install/bumperbot_controller/local/lib/python3.10/dist-packages/bumperbot_controller-0.0.0-py3.10.egg-info/dependency_links.txt
[0.249s] -- Installing: /home/thanh/bumperbot_ws/install/bumperbot_controller/local/lib/python3.10/dist-packages/bumperbot_controller-0.0.0-py3.10.egg-info/SOURCES.txt
[0.249s] -- Installing: /home/thanh/bumperbot_ws/install/bumperbot_controller/local/lib/python3.10/dist-packages/bumperbot_controller-0.0.0-py3.10.egg-info/PKG-INFO
[0.249s] -- Up-to-date: /home/thanh/bumperbot_ws/install/bumperbot_controller/local/lib/python3.10/dist-packages/bumperbot_controller
[0.249s] -- Up-to-date: /home/thanh/bumperbot_ws/install/bumperbot_controller/local/lib/python3.10/dist-packages/bumperbot_controller/simple_controller.py
[0.249s] -- Up-to-date: /home/thanh/bumperbot_ws/install/bumperbot_controller/local/lib/python3.10/dist-packages/bumperbot_controller/__init__.py
[0.271s] Listing '/home/thanh/bumperbot_ws/install/bumperbot_controller/local/lib/python3.10/dist-packages/bumperbot_controller'...
[0.273s] -- Up-to-date: /home/thanh/bumperbot_ws/install/bumperbot_controller/include/include
[0.274s] -- Up-to-date: /home/thanh/bumperbot_ws/install/bumperbot_controller/include/include/bumperbot_controller
[0.274s] -- Up-to-date: /home/thanh/bumperbot_ws/install/bumperbot_controller/include/include/bumperbot_controller/simple_controller.hpp
[0.274s] -- Up-to-date: /home/thanh/bumperbot_ws/install/bumperbot_controller/lib/bumperbot_controller/simple_controller
[0.274s] -- Up-to-date: /home/thanh/bumperbot_ws/install/bumperbot_controller/share/bumperbot_controller/config
[0.274s] -- Up-to-date: /home/thanh/bumperbot_ws/install/bumperbot_controller/share/bumperbot_controller/config/bumperbot_controllers.yaml
[0.274s] -- Up-to-date: /home/thanh/bumperbot_ws/install/bumperbot_controller/share/bumperbot_controller/launch
[0.274s] -- Installing: /home/thanh/bumperbot_ws/install/bumperbot_controller/share/bumperbot_controller/launch/controller.launch.py
[0.274s] -- Up-to-date: /home/thanh/bumperbot_ws/install/bumperbot_controller/lib/bumperbot_controller/simple_controller.py
[0.274s] -- Up-to-date: /home/thanh/bumperbot_ws/install/bumperbot_controller/share/ament_index/resource_index/package_run_dependencies/bumperbot_controller
[0.274s] -- Up-to-date: /home/thanh/bumperbot_ws/install/bumperbot_controller/share/ament_index/resource_index/parent_prefix_path/bumperbot_controller
[0.274s] -- Up-to-date: /home/thanh/bumperbot_ws/install/bumperbot_controller/share/bumperbot_controller/environment/ament_prefix_path.sh
[0.274s] -- Up-to-date: /home/thanh/bumperbot_ws/install/bumperbot_controller/share/bumperbot_controller/environment/ament_prefix_path.dsv
[0.275s] -- Up-to-date: /home/thanh/bumperbot_ws/install/bumperbot_controller/share/bumperbot_controller/environment/path.sh
[0.275s] -- Up-to-date: /home/thanh/bumperbot_ws/install/bumperbot_controller/share/bumperbot_controller/environment/path.dsv
[0.275s] -- Up-to-date: /home/thanh/bumperbot_ws/install/bumperbot_controller/share/bumperbot_controller/local_setup.bash
[0.275s] -- Up-to-date: /home/thanh/bumperbot_ws/install/bumperbot_controller/share/bumperbot_controller/local_setup.sh
[0.275s] -- Up-to-date: /home/thanh/bumperbot_ws/install/bumperbot_controller/share/bumperbot_controller/local_setup.zsh
[0.275s] -- Up-to-date: /home/thanh/bumperbot_ws/install/bumperbot_controller/share/bumperbot_controller/local_setup.dsv
[0.275s] -- Installing: /home/thanh/bumperbot_ws/install/bumperbot_controller/share/bumperbot_controller/package.dsv
[0.275s] -- Up-to-date: /home/thanh/bumperbot_ws/install/bumperbot_controller/share/ament_index/resource_index/packages/bumperbot_controller
[0.275s] -- Up-to-date: /home/thanh/bumperbot_ws/install/bumperbot_controller/share/bumperbot_controller/cmake/bumperbot_controllerConfig.cmake
[0.275s] -- Up-to-date: /home/thanh/bumperbot_ws/install/bumperbot_controller/share/bumperbot_controller/cmake/bumperbot_controllerConfig-version.cmake
[0.275s] -- Up-to-date: /home/thanh/bumperbot_ws/install/bumperbot_controller/share/bumperbot_controller/package.xml
[0.276s] Invoked command in '/home/thanh/bumperbot_ws/build/bumperbot_controller' returned '0': CMAKE_PREFIX_PATH=/opt/ros/humble /usr/bin/cmake --install /home/thanh/bumperbot_ws/build/bumperbot_controller
